Nov 14, 2013 3:56:44 PM org.apache.catalina.core.AprLifecycleListener init
INFO: The APR based Apache Tomcat Native library which allows optimal performance in production environments was not found on the java.library.path: /usr/java/packages/lib/amd64:/usr/lib64:/lib64:/lib:/usr/lib
Nov 14, 2013 3:56:44 PM org.apache.coyote.AbstractProtocol init
INFO: Initializing ProtocolHandler ["http-bio-8780"]
Nov 14, 2013 3:56:44 PM org.apache.coyote.AbstractProtocol init
INFO: Initializing ProtocolHandler ["http-nio-8783"]
Nov 14, 2013 3:56:44 PM org.apache.tomcat.util.net.NioSelectorPool getSharedSelector
INFO: Using a shared selector for servlet write/read
Nov 14, 2013 3:56:44 PM org.apache.coyote.AbstractProtocol init
INFO: Initializing ProtocolHandler ["ajp-bio-8789"]
Nov 14, 2013 3:56:44 PM org.apache.catalina.startup.Catalina load
INFO: Initialization processed in 1046 ms
Nov 14, 2013 3:56:44 PM org.apache.catalina.core.StandardService startInternal
INFO: Starting service Catalina
Nov 14, 2013 3:56:44 PM org.apache.catalina.core.StandardEngine startInternal
INFO: Starting Servlet Engine: Apache Tomcat/7.0.22
Nov 14, 2013 3:56:44 PM org.apache.catalina.startup.HostConfig deployDirectory
INFO: Deploying web application directory javadoc
Nov 14, 2013 3:57:19 PM org.apache.catalina.util.SessionIdGenerator createSecureRandom
INFO: Creation of SecureRandom instance for session ID generation using [SHA1PRNG] took [34,691] milliseconds.
Nov 14, 2013 3:57:19 PM org.apache.catalina.startup.HostConfig deployDirectory
INFO: Deploying web application directory konakartadmin
Nov 14, 2013 3:57:22 PM org.apache.catalina.startup.HostConfig deployDirectory
INFO: Deploying web application directory ROOT
Nov 14, 2013 3:57:22 PM org.apache.catalina.startup.HostConfig deployDirectory
INFO: Deploying web application directory birtviewer
Nov 14, 2013 3:57:22 PM org.apache.catalina.startup.TaglibUriRule body
INFO: TLD skipped. URI: http://www.eclipse.org/birt/taglibs/birt.tld is already defined
Nov 14, 2013 3:57:25 PM org.apache.catalina.startup.HostConfig deployDirectory
INFO: Deploying web application directory konakart
Nov 14, 2013 3:57:27 PM org.apache.coyote.AbstractProtocol start
INFO: Starting ProtocolHandler ["http-bio-8780"]
Nov 14, 2013 3:57:27 PM org.apache.coyote.AbstractProtocol start
INFO: Starting ProtocolHandler ["http-nio-8783"]
Nov 14, 2013 3:57:27 PM org.apache.coyote.AbstractProtocol start
INFO: Starting ProtocolHandler ["ajp-bio-8789"]
Nov 14, 2013 3:57:27 PM org.apache.catalina.startup.Catalina start
INFO: Server startup in 43001 ms
Nov 14, 2013 4:01:33 PM org.apache.catalina.core.AprLifecycleListener init
INFO: The APR based Apache Tomcat Native library which allows optimal performance in production environments was not found on the java.library.path: /usr/java/packages/lib/amd64:/usr/lib64:/lib64:/lib:/usr/lib
Nov 14, 2013 4:01:33 PM org.apache.coyote.AbstractProtocol init
INFO: Initializing ProtocolHandler ["http-bio-8780"]
Nov 14, 2013 4:01:33 PM org.apache.coyote.AbstractProtocol init
SEVERE: Failed to initialize end point associated with ProtocolHandler ["http-bio-8780"]
java.net.BindException: Address already in use <null>:8780
	at org.apache.tomcat.util.net.JIoEndpoint.bind(JIoEndpoint.java:386)
	at org.apache.tomcat.util.net.AbstractEndpoint.init(AbstractEndpoint.java:498)
	at org.apache.coyote.AbstractProtocol.init(AbstractProtocol.java:369)
	at org.apache.coyote.http11.AbstractHttp11JsseProtocol.init(AbstractHttp11JsseProtocol.java:119)
	at org.apache.catalina.connector.Connector.initInternal(Connector.java:909)
	at org.apache.catalina.util.LifecycleBase.init(LifecycleBase.java:102)
	at org.apache.catalina.core.StandardService.initInternal(StandardService.java:559)
	at org.apache.catalina.util.LifecycleBase.init(LifecycleBase.java:102)
	at org.apache.catalina.core.StandardServer.initInternal(StandardServer.java:781)
	at org.apache.catalina.util.LifecycleBase.init(LifecycleBase.java:102)
	at org.apache.catalina.startup.Catalina.load(Catalina.java:573)
	at org.apache.catalina.startup.Catalina.load(Catalina.java:596)
	at sun.reflect.NativeMethodAccessorImpl.invoke0(Native Method)
	at sun.reflect.NativeMethodAccessorImpl.invoke(NativeMethodAccessorImpl.java:57)
	at sun.reflect.DelegatingMethodAccessorImpl.invoke(DelegatingMethodAccessorImpl.java:43)
	at java.lang.reflect.Method.invoke(Method.java:606)
	at org.apache.catalina.startup.Bootstrap.load(Bootstrap.java:281)
	at org.apache.catalina.startup.Bootstrap.main(Bootstrap.java:449)
Caused by: java.net.BindException: Address already in use
	at java.net.PlainSocketImpl.socketBind(Native Method)
	at java.net.AbstractPlainSocketImpl.bind(AbstractPlainSocketImpl.java:376)
	at java.net.ServerSocket.bind(ServerSocket.java:376)
	at java.net.ServerSocket.<init>(ServerSocket.java:237)
	at java.net.ServerSocket.<init>(ServerSocket.java:181)
	at org.apache.tomcat.util.net.DefaultServerSocketFactory.createSocket(DefaultServerSocketFactory.java:48)
	at org.apache.tomcat.util.net.JIoEndpoint.bind(JIoEndpoint.java:373)
	... 17 more

Nov 14, 2013 4:01:33 PM org.apache.catalina.core.StandardService initInternal
SEVERE: Failed to initialize connector [Connector[HTTP/1.1-8780]]
org.apache.catalina.LifecycleException: Failed to initialize component [Connector[HTTP/1.1-8780]]
	at org.apache.catalina.util.LifecycleBase.init(LifecycleBase.java:106)
	at org.apache.catalina.core.StandardService.initInternal(StandardService.java:559)
	at org.apache.catalina.util.LifecycleBase.init(LifecycleBase.java:102)
	at org.apache.catalina.core.StandardServer.initInternal(StandardServer.java:781)
	at org.apache.catalina.util.LifecycleBase.init(LifecycleBase.java:102)
	at org.apache.catalina.startup.Catalina.load(Catalina.java:573)
	at org.apache.catalina.startup.Catalina.load(Catalina.java:596)
	at sun.reflect.NativeMethodAccessorImpl.invoke0(Native Method)
	at sun.reflect.NativeMethodAccessorImpl.invoke(NativeMethodAccessorImpl.java:57)
	at sun.reflect.DelegatingMethodAccessorImpl.invoke(DelegatingMethodAccessorImpl.java:43)
	at java.lang.reflect.Method.invoke(Method.java:606)
	at org.apache.catalina.startup.Bootstrap.load(Bootstrap.java:281)
	at org.apache.catalina.startup.Bootstrap.main(Bootstrap.java:449)
Caused by: org.apache.catalina.LifecycleException: Protocol handler initialization failed
	at org.apache.catalina.connector.Connector.initInternal(Connector.java:911)
	at org.apache.catalina.util.LifecycleBase.init(LifecycleBase.java:102)
	... 12 more
Caused by: java.net.BindException: Address already in use <null>:8780
	at org.apache.tomcat.util.net.JIoEndpoint.bind(JIoEndpoint.java:386)
	at org.apache.tomcat.util.net.AbstractEndpoint.init(AbstractEndpoint.java:498)
	at org.apache.coyote.AbstractProtocol.init(AbstractProtocol.java:369)
	at org.apache.coyote.http11.AbstractHttp11JsseProtocol.init(AbstractHttp11JsseProtocol.java:119)
	at org.apache.catalina.connector.Connector.initInternal(Connector.java:909)
	... 13 more
Caused by: java.net.BindException: Address already in use
	at java.net.PlainSocketImpl.socketBind(Native Method)
	at java.net.AbstractPlainSocketImpl.bind(AbstractPlainSocketImpl.java:376)
	at java.net.ServerSocket.bind(ServerSocket.java:376)
	at java.net.ServerSocket.<init>(ServerSocket.java:237)
	at java.net.ServerSocket.<init>(ServerSocket.java:181)
	at org.apache.tomcat.util.net.DefaultServerSocketFactory.createSocket(DefaultServerSocketFactory.java:48)
	at org.apache.tomcat.util.net.JIoEndpoint.bind(JIoEndpoint.java:373)
	... 17 more

Nov 14, 2013 4:01:33 PM org.apache.coyote.AbstractProtocol init
INFO: Initializing ProtocolHandler ["http-nio-8783"]
Nov 14, 2013 4:01:33 PM org.apache.coyote.AbstractProtocol init
SEVERE: Failed to initialize end point associated with ProtocolHandler ["http-nio-8783"]
java.net.BindException: Address already in use
	at sun.nio.ch.Net.bind0(Native Method)
	at sun.nio.ch.Net.bind(Net.java:444)
	at sun.nio.ch.Net.bind(Net.java:436)
	at sun.nio.ch.ServerSocketChannelImpl.bind(ServerSocketChannelImpl.java:214)
	at sun.nio.ch.ServerSocketAdaptor.bind(ServerSocketAdaptor.java:74)
	at org.apache.tomcat.util.net.NioEndpoint.bind(NioEndpoint.java:464)
	at org.apache.tomcat.util.net.AbstractEndpoint.init(AbstractEndpoint.java:498)
	at org.apache.coyote.AbstractProtocol.init(AbstractProtocol.java:369)
	at org.apache.coyote.http11.AbstractHttp11JsseProtocol.init(AbstractHttp11JsseProtocol.java:119)
	at org.apache.catalina.connector.Connector.initInternal(Connector.java:909)
	at org.apache.catalina.util.LifecycleBase.init(LifecycleBase.java:102)
	at org.apache.catalina.core.StandardService.initInternal(StandardService.java:559)
	at org.apache.catalina.util.LifecycleBase.init(LifecycleBase.java:102)
	at org.apache.catalina.core.StandardServer.initInternal(StandardServer.java:781)
	at org.apache.catalina.util.LifecycleBase.init(LifecycleBase.java:102)
	at org.apache.catalina.startup.Catalina.load(Catalina.java:573)
	at org.apache.catalina.startup.Catalina.load(Catalina.java:596)
	at sun.reflect.NativeMethodAccessorImpl.invoke0(Native Method)
	at sun.reflect.NativeMethodAccessorImpl.invoke(NativeMethodAccessorImpl.java:57)
	at sun.reflect.DelegatingMethodAccessorImpl.invoke(DelegatingMethodAccessorImpl.java:43)
	at java.lang.reflect.Method.invoke(Method.java:606)
	at org.apache.catalina.startup.Bootstrap.load(Bootstrap.java:281)
	at org.apache.catalina.startup.Bootstrap.main(Bootstrap.java:449)

Nov 14, 2013 4:01:33 PM org.apache.catalina.core.StandardService initInternal
SEVERE: Failed to initialize connector [Connector[org.apache.coyote.http11.Http11NioProtocol-8783]]
org.apache.catalina.LifecycleException: Failed to initialize component [Connector[org.apache.coyote.http11.Http11NioProtocol-8783]]
	at org.apache.catalina.util.LifecycleBase.init(LifecycleBase.java:106)
	at org.apache.catalina.core.StandardService.initInternal(StandardService.java:559)
	at org.apache.catalina.util.LifecycleBase.init(LifecycleBase.java:102)
	at org.apache.catalina.core.StandardServer.initInternal(StandardServer.java:781)
	at org.apache.catalina.util.LifecycleBase.init(LifecycleBase.java:102)
	at org.apache.catalina.startup.Catalina.load(Catalina.java:573)
	at org.apache.catalina.startup.Catalina.load(Catalina.java:596)
	at sun.reflect.NativeMethodAccessorImpl.invoke0(Native Method)
	at sun.reflect.NativeMethodAccessorImpl.invoke(NativeMethodAccessorImpl.java:57)
	at sun.reflect.DelegatingMethodAccessorImpl.invoke(DelegatingMethodAccessorImpl.java:43)
	at java.lang.reflect.Method.invoke(Method.java:606)
	at org.apache.catalina.startup.Bootstrap.load(Bootstrap.java:281)
	at org.apache.catalina.startup.Bootstrap.main(Bootstrap.java:449)
Caused by: org.apache.catalina.LifecycleException: Protocol handler initialization failed
	at org.apache.catalina.connector.Connector.initInternal(Connector.java:911)
	at org.apache.catalina.util.LifecycleBase.init(LifecycleBase.java:102)
	... 12 more
Caused by: java.net.BindException: Address already in use
	at sun.nio.ch.Net.bind0(Native Method)
	at sun.nio.ch.Net.bind(Net.java:444)
	at sun.nio.ch.Net.bind(Net.java:436)
	at sun.nio.ch.ServerSocketChannelImpl.bind(ServerSocketChannelImpl.java:214)
	at sun.nio.ch.ServerSocketAdaptor.bind(ServerSocketAdaptor.java:74)
	at org.apache.tomcat.util.net.NioEndpoint.bind(NioEndpoint.java:464)
	at org.apache.tomcat.util.net.AbstractEndpoint.init(AbstractEndpoint.java:498)
	at org.apache.coyote.AbstractProtocol.init(AbstractProtocol.java:369)
	at org.apache.coyote.http11.AbstractHttp11JsseProtocol.init(AbstractHttp11JsseProtocol.java:119)
	at org.apache.catalina.connector.Connector.initInternal(Connector.java:909)
	... 13 more

Nov 14, 2013 4:01:33 PM org.apache.coyote.AbstractProtocol init
INFO: Initializing ProtocolHandler ["ajp-bio-8789"]
Nov 14, 2013 4:01:33 PM org.apache.coyote.AbstractProtocol init
SEVERE: Failed to initialize end point associated with ProtocolHandler ["ajp-bio-8789"]
java.net.BindException: Address already in use <null>:8789
	at org.apache.tomcat.util.net.JIoEndpoint.bind(JIoEndpoint.java:386)
	at org.apache.tomcat.util.net.AbstractEndpoint.init(AbstractEndpoint.java:498)
	at org.apache.coyote.AbstractProtocol.init(AbstractProtocol.java:369)
	at org.apache.catalina.connector.Connector.initInternal(Connector.java:909)
	at org.apache.catalina.util.LifecycleBase.init(LifecycleBase.java:102)
	at org.apache.catalina.core.StandardService.initInternal(StandardService.java:559)
	at org.apache.catalina.util.LifecycleBase.init(LifecycleBase.java:102)
	at org.apache.catalina.core.StandardServer.initInternal(StandardServer.java:781)
	at org.apache.catalina.util.LifecycleBase.init(LifecycleBase.java:102)
	at org.apache.catalina.startup.Catalina.load(Catalina.java:573)
	at org.apache.catalina.startup.Catalina.load(Catalina.java:596)
	at sun.reflect.NativeMethodAccessorImpl.invoke0(Native Method)
	at sun.reflect.NativeMethodAccessorImpl.invoke(NativeMethodAccessorImpl.java:57)
	at sun.reflect.DelegatingMethodAccessorImpl.invoke(DelegatingMethodAccessorImpl.java:43)
	at java.lang.reflect.Method.invoke(Method.java:606)
	at org.apache.catalina.startup.Bootstrap.load(Bootstrap.java:281)
	at org.apache.catalina.startup.Bootstrap.main(Bootstrap.java:449)
Caused by: java.net.BindException: Address already in use
	at java.net.PlainSocketImpl.socketBind(Native Method)
	at java.net.AbstractPlainSocketImpl.bind(AbstractPlainSocketImpl.java:376)
	at java.net.ServerSocket.bind(ServerSocket.java:376)
	at java.net.ServerSocket.<init>(ServerSocket.java:237)
	at java.net.ServerSocket.<init>(ServerSocket.java:181)
	at org.apache.tomcat.util.net.DefaultServerSocketFactory.createSocket(DefaultServerSocketFactory.java:48)
	at org.apache.tomcat.util.net.JIoEndpoint.bind(JIoEndpoint.java:373)
	... 16 more

Nov 14, 2013 4:01:33 PM org.apache.catalina.core.StandardService initInternal
SEVERE: Failed to initialize connector [Connector[AJP/1.3-8789]]
org.apache.catalina.LifecycleException: Failed to initialize component [Connector[AJP/1.3-8789]]
	at org.apache.catalina.util.LifecycleBase.init(LifecycleBase.java:106)
	at org.apache.catalina.core.StandardService.initInternal(StandardService.java:559)
	at org.apache.catalina.util.LifecycleBase.init(LifecycleBase.java:102)
	at org.apache.catalina.core.StandardServer.initInternal(StandardServer.java:781)
	at org.apache.catalina.util.LifecycleBase.init(LifecycleBase.java:102)
	at org.apache.catalina.startup.Catalina.load(Catalina.java:573)
	at org.apache.catalina.startup.Catalina.load(Catalina.java:596)
	at sun.reflect.NativeMethodAccessorImpl.invoke0(Native Method)
	at sun.reflect.NativeMethodAccessorImpl.invoke(NativeMethodAccessorImpl.java:57)
	at sun.reflect.DelegatingMethodAccessorImpl.invoke(DelegatingMethodAccessorImpl.java:43)
	at java.lang.reflect.Method.invoke(Method.java:606)
	at org.apache.catalina.startup.Bootstrap.load(Bootstrap.java:281)
	at org.apache.catalina.startup.Bootstrap.main(Bootstrap.java:449)
Caused by: org.apache.catalina.LifecycleException: Protocol handler initialization failed
	at org.apache.catalina.connector.Connector.initInternal(Connector.java:911)
	at org.apache.catalina.util.LifecycleBase.init(LifecycleBase.java:102)
	... 12 more
Caused by: java.net.BindException: Address already in use <null>:8789
	at org.apache.tomcat.util.net.JIoEndpoint.bind(JIoEndpoint.java:386)
	at org.apache.tomcat.util.net.AbstractEndpoint.init(AbstractEndpoint.java:498)
	at org.apache.coyote.AbstractProtocol.init(AbstractProtocol.java:369)
	at org.apache.catalina.connector.Connector.initInternal(Connector.java:909)
	... 13 more
Caused by: java.net.BindException: Address already in use
	at java.net.PlainSocketImpl.socketBind(Native Method)
	at java.net.AbstractPlainSocketImpl.bind(AbstractPlainSocketImpl.java:376)
	at java.net.ServerSocket.bind(ServerSocket.java:376)
	at java.net.ServerSocket.<init>(ServerSocket.java:237)
	at java.net.ServerSocket.<init>(ServerSocket.java:181)
	at org.apache.tomcat.util.net.DefaultServerSocketFactory.createSocket(DefaultServerSocketFactory.java:48)
	at org.apache.tomcat.util.net.JIoEndpoint.bind(JIoEndpoint.java:373)
	... 16 more

Nov 14, 2013 4:01:33 PM org.apache.catalina.startup.Catalina load
INFO: Initialization processed in 850 ms
Nov 14, 2013 4:01:33 PM org.apache.catalina.core.StandardService startInternal
INFO: Starting service Catalina
Nov 14, 2013 4:01:33 PM org.apache.catalina.core.StandardEngine startInternal
INFO: Starting Servlet Engine: Apache Tomcat/7.0.22
Nov 14, 2013 4:01:33 PM org.apache.catalina.startup.HostConfig deployDirectory
INFO: Deploying web application directory javadoc
Nov 14, 2013 4:01:34 PM org.apache.catalina.startup.HostConfig deployDirectory
INFO: Deploying web application directory konakartadmin
Nov 14, 2013 4:01:36 PM org.apache.catalina.startup.HostConfig deployDirectory
INFO: Deploying web application directory ROOT
Nov 14, 2013 4:01:36 PM org.apache.catalina.startup.HostConfig deployDirectory
INFO: Deploying web application directory birtviewer
Nov 14, 2013 4:01:36 PM org.apache.catalina.startup.TaglibUriRule body
INFO: TLD skipped. URI: http://www.eclipse.org/birt/taglibs/birt.tld is already defined
Nov 14, 2013 4:01:39 PM org.apache.catalina.startup.HostConfig deployDirectory
INFO: Deploying web application directory konakart
Nov 14, 2013 4:01:41 PM org.apache.catalina.startup.Catalina start
INFO: Server startup in 8351 ms
Nov 14, 2013 4:01:41 PM org.apache.catalina.core.StandardServer await
SEVERE: StandardServer.await: create[localhost:8785]: 
java.net.BindException: Address already in use
	at java.net.PlainSocketImpl.socketBind(Native Method)
	at java.net.AbstractPlainSocketImpl.bind(AbstractPlainSocketImpl.java:376)
	at java.net.ServerSocket.bind(ServerSocket.java:376)
	at java.net.ServerSocket.<init>(ServerSocket.java:237)
	at org.apache.catalina.core.StandardServer.await(StandardServer.java:422)
	at org.apache.catalina.startup.Catalina.await(Catalina.java:709)
	at org.apache.catalina.startup.Catalina.start(Catalina.java:654)
	at sun.reflect.NativeMethodAccessorImpl.invoke0(Native Method)
	at sun.reflect.NativeMethodAccessorImpl.invoke(NativeMethodAccessorImpl.java:57)
	at sun.reflect.DelegatingMethodAccessorImpl.invoke(DelegatingMethodAccessorImpl.java:43)
	at java.lang.reflect.Method.invoke(Method.java:606)
	at org.apache.catalina.startup.Bootstrap.start(Bootstrap.java:322)
	at org.apache.catalina.startup.Bootstrap.main(Bootstrap.java:450)

Nov 14, 2013 4:01:41 PM org.apache.coyote.AbstractProtocol pause
INFO: Pausing ProtocolHandler ["http-bio-8780"]
Nov 14, 2013 4:01:41 PM org.apache.coyote.AbstractProtocol pause
INFO: Pausing ProtocolHandler ["http-nio-8783"]
Nov 14, 2013 4:01:41 PM org.apache.coyote.AbstractProtocol pause
INFO: Pausing ProtocolHandler ["ajp-bio-8789"]
Nov 14, 2013 4:01:41 PM org.apache.catalina.core.StandardService stopInternal
INFO: Stopping service Catalina
Nov 14, 2013 4:01:42 PM org.apache.catalina.loader.WebappClassLoader clearReferencesJdbc
SEVERE: The web application [/konakart] registered the JDBC driver [com.mysql.jdbc.Driver] but failed to unregister it when the web application was stopped. To prevent a memory leak, the JDBC Driver has been forcibly unregistered.
Nov 14, 2013 4:01:42 PM org.apache.catalina.loader.WebappClassLoader clearReferencesThreads
SEVERE: The web application [/konakart] appears to have started a thread named [Thread-7] but has failed to stop it. This is very likely to create a memory leak.
Nov 14, 2013 4:01:42 PM org.apache.coyote.AbstractProtocol destroy
INFO: Destroying ProtocolHandler ["http-bio-8780"]
Nov 14, 2013 4:01:42 PM org.apache.coyote.AbstractProtocol destroy
INFO: Destroying ProtocolHandler ["http-nio-8783"]
Nov 14, 2013 4:01:42 PM org.apache.coyote.AbstractProtocol destroy
INFO: Destroying ProtocolHandler ["ajp-bio-8789"]
Nov 14, 2013 4:17:03 PM org.apache.catalina.core.StandardServer await
INFO: A valid shutdown command was received via the shutdown port. Stopping the Server instance.
Nov 14, 2013 4:17:03 PM org.apache.coyote.AbstractProtocol pause
INFO: Pausing ProtocolHandler ["http-bio-8780"]
Nov 14, 2013 4:17:04 PM org.apache.coyote.AbstractProtocol pause
INFO: Pausing ProtocolHandler ["http-nio-8783"]
Nov 14, 2013 4:17:05 PM org.apache.coyote.AbstractProtocol pause
INFO: Pausing ProtocolHandler ["ajp-bio-8789"]
Nov 14, 2013 4:17:06 PM org.apache.catalina.core.StandardService stopInternal
INFO: Stopping service Catalina
Nov 14, 2013 4:17:07 PM org.apache.catalina.loader.WebappClassLoader clearReferencesThreads
SEVERE: The web application [/birtviewer] appears to have started a thread named [Abandoned connection cleanup thread] but has failed to stop it. This is very likely to create a memory leak.
Nov 14, 2013 4:17:07 PM org.apache.catalina.loader.WebappClassLoader clearReferencesJdbc
SEVERE: The web application [/konakart] registered the JDBC driver [com.mysql.jdbc.Driver] but failed to unregister it when the web application was stopped. To prevent a memory leak, the JDBC Driver has been forcibly unregistered.
Nov 14, 2013 4:17:07 PM org.apache.catalina.loader.WebappClassLoader clearReferencesThreads
SEVERE: The web application [/konakart] appears to have started a thread named [Thread-8] but has failed to stop it. This is very likely to create a memory leak.
Nov 14, 2013 4:17:07 PM org.apache.catalina.loader.WebappClassLoader clearReferencesJdbc
SEVERE: The web application [/konakartadmin] registered the JDBC driver [com.mysql.jdbc.Driver] but failed to unregister it when the web application was stopped. To prevent a memory leak, the JDBC Driver has been forcibly unregistered.
Nov 14, 2013 4:17:07 PM org.apache.catalina.loader.WebappClassLoader clearReferencesThreads
SEVERE: The web application [/konakartadmin] appears to have started a thread named [Thread-10] but has failed to stop it. This is very likely to create a memory leak.
Nov 14, 2013 4:17:07 PM org.apache.coyote.AbstractProtocol stop
INFO: Stopping ProtocolHandler ["http-bio-8780"]
Nov 14, 2013 4:17:07 PM org.apache.coyote.AbstractProtocol stop
INFO: Stopping ProtocolHandler ["http-nio-8783"]
Nov 14, 2013 4:17:07 PM org.apache.coyote.AbstractProtocol stop
INFO: Stopping ProtocolHandler ["ajp-bio-8789"]
Nov 14, 2013 4:17:07 PM org.apache.coyote.AbstractProtocol destroy
INFO: Destroying ProtocolHandler ["http-bio-8780"]
Nov 14, 2013 4:17:07 PM org.apache.coyote.AbstractProtocol destroy
INFO: Destroying ProtocolHandler ["http-nio-8783"]
Nov 14, 2013 4:17:07 PM org.apache.coyote.AbstractProtocol destroy
INFO: Destroying ProtocolHandler ["ajp-bio-8789"]
Nov 14, 2013 4:17:09 PM org.apache.catalina.core.AprLifecycleListener init
INFO: The APR based Apache Tomcat Native library which allows optimal performance in production environments was not found on the java.library.path: /usr/java/packages/lib/amd64:/usr/lib64:/lib64:/lib:/usr/lib
Nov 14, 2013 4:17:09 PM org.apache.coyote.AbstractProtocol init
INFO: Initializing ProtocolHandler ["http-bio-8780"]
Nov 14, 2013 4:17:09 PM org.apache.coyote.AbstractProtocol init
INFO: Initializing ProtocolHandler ["http-nio-8783"]
Nov 14, 2013 4:17:10 PM org.apache.tomcat.util.net.NioSelectorPool getSharedSelector
INFO: Using a shared selector for servlet write/read
Nov 14, 2013 4:17:10 PM org.apache.coyote.AbstractProtocol init
INFO: Initializing ProtocolHandler ["ajp-bio-8789"]
Nov 14, 2013 4:17:10 PM org.apache.catalina.startup.Catalina load
INFO: Initialization processed in 1120 ms
Nov 14, 2013 4:17:10 PM org.apache.catalina.core.StandardService startInternal
INFO: Starting service Catalina
Nov 14, 2013 4:17:10 PM org.apache.catalina.core.StandardEngine startInternal
INFO: Starting Servlet Engine: Apache Tomcat/7.0.22
Nov 14, 2013 4:17:10 PM org.apache.catalina.startup.HostConfig deployDirectory
INFO: Deploying web application directory javadoc
Nov 14, 2013 4:17:10 PM org.apache.catalina.startup.HostConfig deployDirectory
INFO: Deploying web application directory konakartadmin
Nov 14, 2013 4:17:12 PM org.apache.catalina.startup.HostConfig deployDirectory
INFO: Deploying web application directory ROOT
Nov 14, 2013 4:17:12 PM org.apache.catalina.startup.HostConfig deployDirectory
INFO: Deploying web application directory birtviewer
Nov 14, 2013 4:17:13 PM org.apache.catalina.startup.TaglibUriRule body
INFO: TLD skipped. URI: http://www.eclipse.org/birt/taglibs/birt.tld is already defined
Nov 14, 2013 4:17:15 PM org.apache.catalina.startup.HostConfig deployDirectory
INFO: Deploying web application directory konakart
Nov 14, 2013 4:17:18 PM org.apache.coyote.AbstractProtocol start
INFO: Starting ProtocolHandler ["http-bio-8780"]
Nov 14, 2013 4:17:18 PM org.apache.coyote.AbstractProtocol start
INFO: Starting ProtocolHandler ["http-nio-8783"]
Nov 14, 2013 4:17:18 PM org.apache.coyote.AbstractProtocol start
INFO: Starting ProtocolHandler ["ajp-bio-8789"]
Nov 14, 2013 4:17:18 PM org.apache.catalina.startup.Catalina start
INFO: Server startup in 8224 ms
Nov 14, 2013 4:20:19 PM org.apache.catalina.core.StandardServer await
INFO: A valid shutdown command was received via the shutdown port. Stopping the Server instance.
Nov 14, 2013 4:20:19 PM org.apache.coyote.AbstractProtocol pause
INFO: Pausing ProtocolHandler ["http-bio-8780"]
Nov 14, 2013 4:20:20 PM org.apache.coyote.AbstractProtocol pause
INFO: Pausing ProtocolHandler ["http-nio-8783"]
Nov 14, 2013 4:20:21 PM org.apache.coyote.AbstractProtocol pause
INFO: Pausing ProtocolHandler ["ajp-bio-8789"]
Nov 14, 2013 4:20:22 PM org.apache.catalina.core.StandardService stopInternal
INFO: Stopping service Catalina
Nov 14, 2013 4:20:22 PM org.apache.catalina.loader.WebappClassLoader clearReferencesJdbc
SEVERE: The web application [/konakart] registered the JDBC driver [com.mysql.jdbc.Driver] but failed to unregister it when the web application was stopped. To prevent a memory leak, the JDBC Driver has been forcibly unregistered.
Nov 14, 2013 4:20:22 PM org.apache.catalina.loader.WebappClassLoader clearReferencesThreads
SEVERE: The web application [/konakart] appears to have started a thread named [Thread-8] but has failed to stop it. This is very likely to create a memory leak.
Nov 14, 2013 4:20:22 PM org.apache.catalina.loader.WebappClassLoader clearReferencesJdbc
SEVERE: The web application [/konakartadmin] registered the JDBC driver [com.mysql.jdbc.Driver] but failed to unregister it when the web application was stopped. To prevent a memory leak, the JDBC Driver has been forcibly unregistered.
Nov 14, 2013 4:20:22 PM org.apache.catalina.loader.WebappClassLoader clearReferencesThreads
SEVERE: The web application [/konakartadmin] appears to have started a thread named [Thread-12] but has failed to stop it. This is very likely to create a memory leak.
Nov 14, 2013 4:20:22 PM org.apache.coyote.AbstractProtocol stop
INFO: Stopping ProtocolHandler ["http-bio-8780"]
Nov 14, 2013 4:20:22 PM org.apache.coyote.AbstractProtocol stop
INFO: Stopping ProtocolHandler ["http-nio-8783"]
Nov 14, 2013 4:20:23 PM org.apache.coyote.AbstractProtocol stop
INFO: Stopping ProtocolHandler ["ajp-bio-8789"]
Nov 14, 2013 4:20:23 PM org.apache.coyote.AbstractProtocol destroy
INFO: Destroying ProtocolHandler ["http-bio-8780"]
Nov 14, 2013 4:20:23 PM org.apache.coyote.AbstractProtocol destroy
INFO: Destroying ProtocolHandler ["http-nio-8783"]
Nov 14, 2013 4:20:23 PM org.apache.coyote.AbstractProtocol destroy
INFO: Destroying ProtocolHandler ["ajp-bio-8789"]
Nov 14, 2013 4:20:29 PM org.apache.catalina.core.AprLifecycleListener init
INFO: The APR based Apache Tomcat Native library which allows optimal performance in production environments was not found on the java.library.path: /usr/java/packages/lib/amd64:/usr/lib64:/lib64:/lib:/usr/lib
Nov 14, 2013 4:20:30 PM org.apache.coyote.AbstractProtocol init
INFO: Initializing ProtocolHandler ["http-bio-8780"]
Nov 14, 2013 4:20:30 PM org.apache.coyote.AbstractProtocol init
INFO: Initializing ProtocolHandler ["http-nio-8783"]
Nov 14, 2013 4:20:30 PM org.apache.tomcat.util.net.NioSelectorPool getSharedSelector
INFO: Using a shared selector for servlet write/read
Nov 14, 2013 4:20:30 PM org.apache.coyote.AbstractProtocol init
INFO: Initializing ProtocolHandler ["ajp-bio-8789"]
Nov 14, 2013 4:20:30 PM org.apache.catalina.startup.Catalina load
INFO: Initialization processed in 1148 ms
Nov 14, 2013 4:20:30 PM org.apache.catalina.core.StandardService startInternal
INFO: Starting service Catalina
Nov 14, 2013 4:20:30 PM org.apache.catalina.core.StandardEngine startInternal
INFO: Starting Servlet Engine: Apache Tomcat/7.0.22
Nov 14, 2013 4:20:30 PM org.apache.catalina.startup.HostConfig deployDirectory
INFO: Deploying web application directory javadoc
Nov 14, 2013 4:20:30 PM org.apache.catalina.startup.HostConfig deployDirectory
INFO: Deploying web application directory konakartadmin
Nov 14, 2013 4:20:33 PM org.apache.catalina.startup.HostConfig deployDirectory
INFO: Deploying web application directory ROOT
Nov 14, 2013 4:20:33 PM org.apache.catalina.startup.HostConfig deployDirectory
INFO: Deploying web application directory birtviewer
Nov 14, 2013 4:20:33 PM org.apache.catalina.core.AprLifecycleListener init
INFO: The APR based Apache Tomcat Native library which allows optimal performance in production environments was not found on the java.library.path: /usr/java/packages/lib/amd64:/usr/lib64:/lib64:/lib:/usr/lib
Nov 14, 2013 4:20:33 PM org.apache.catalina.startup.TaglibUriRule body
INFO: TLD skipped. URI: http://www.eclipse.org/birt/taglibs/birt.tld is already defined
Nov 14, 2013 4:20:34 PM org.apache.coyote.AbstractProtocol init
INFO: Initializing ProtocolHandler ["http-bio-8780"]
Nov 14, 2013 4:20:34 PM org.apache.coyote.AbstractProtocol init
SEVERE: Failed to initialize end point associated with ProtocolHandler ["http-bio-8780"]
java.net.BindException: Address already in use <null>:8780
	at org.apache.tomcat.util.net.JIoEndpoint.bind(JIoEndpoint.java:386)
	at org.apache.tomcat.util.net.AbstractEndpoint.init(AbstractEndpoint.java:498)
	at org.apache.coyote.AbstractProtocol.init(AbstractProtocol.java:369)
	at org.apache.coyote.http11.AbstractHttp11JsseProtocol.init(AbstractHttp11JsseProtocol.java:119)
	at org.apache.catalina.connector.Connector.initInternal(Connector.java:909)
	at org.apache.catalina.util.LifecycleBase.init(LifecycleBase.java:102)
	at org.apache.catalina.core.StandardService.initInternal(StandardService.java:559)
	at org.apache.catalina.util.LifecycleBase.init(LifecycleBase.java:102)
	at org.apache.catalina.core.StandardServer.initInternal(StandardServer.java:781)
	at org.apache.catalina.util.LifecycleBase.init(LifecycleBase.java:102)
	at org.apache.catalina.startup.Catalina.load(Catalina.java:573)
	at org.apache.catalina.startup.Catalina.load(Catalina.java:596)
	at sun.reflect.NativeMethodAccessorImpl.invoke0(Native Method)
	at sun.reflect.NativeMethodAccessorImpl.invoke(NativeMethodAccessorImpl.java:57)
	at sun.reflect.DelegatingMethodAccessorImpl.invoke(DelegatingMethodAccessorImpl.java:43)
	at java.lang.reflect.Method.invoke(Method.java:606)
	at org.apache.catalina.startup.Bootstrap.load(Bootstrap.java:281)
	at org.apache.catalina.startup.Bootstrap.main(Bootstrap.java:449)
Caused by: java.net.BindException: Address already in use
	at java.net.PlainSocketImpl.socketBind(Native Method)
	at java.net.AbstractPlainSocketImpl.bind(AbstractPlainSocketImpl.java:376)
	at java.net.ServerSocket.bind(ServerSocket.java:376)
	at java.net.ServerSocket.<init>(ServerSocket.java:237)
	at java.net.ServerSocket.<init>(ServerSocket.java:181)
	at org.apache.tomcat.util.net.DefaultServerSocketFactory.createSocket(DefaultServerSocketFactory.java:48)
	at org.apache.tomcat.util.net.JIoEndpoint.bind(JIoEndpoint.java:373)
	... 17 more

Nov 14, 2013 4:20:34 PM org.apache.catalina.core.StandardService initInternal
SEVERE: Failed to initialize connector [Connector[HTTP/1.1-8780]]
org.apache.catalina.LifecycleException: Failed to initialize component [Connector[HTTP/1.1-8780]]
	at org.apache.catalina.util.LifecycleBase.init(LifecycleBase.java:106)
	at org.apache.catalina.core.StandardService.initInternal(StandardService.java:559)
	at org.apache.catalina.util.LifecycleBase.init(LifecycleBase.java:102)
	at org.apache.catalina.core.StandardServer.initInternal(StandardServer.java:781)
	at org.apache.catalina.util.LifecycleBase.init(LifecycleBase.java:102)
	at org.apache.catalina.startup.Catalina.load(Catalina.java:573)
	at org.apache.catalina.startup.Catalina.load(Catalina.java:596)
	at sun.reflect.NativeMethodAccessorImpl.invoke0(Native Method)
	at sun.reflect.NativeMethodAccessorImpl.invoke(NativeMethodAccessorImpl.java:57)
	at sun.reflect.DelegatingMethodAccessorImpl.invoke(DelegatingMethodAccessorImpl.java:43)
	at java.lang.reflect.Method.invoke(Method.java:606)
	at org.apache.catalina.startup.Bootstrap.load(Bootstrap.java:281)
	at org.apache.catalina.startup.Bootstrap.main(Bootstrap.java:449)
Caused by: org.apache.catalina.LifecycleException: Protocol handler initialization failed
	at org.apache.catalina.connector.Connector.initInternal(Connector.java:911)
	at org.apache.catalina.util.LifecycleBase.init(LifecycleBase.java:102)
	... 12 more
Caused by: java.net.BindException: Address already in use <null>:8780
	at org.apache.tomcat.util.net.JIoEndpoint.bind(JIoEndpoint.java:386)
	at org.apache.tomcat.util.net.AbstractEndpoint.init(AbstractEndpoint.java:498)
	at org.apache.coyote.AbstractProtocol.init(AbstractProtocol.java:369)
	at org.apache.coyote.http11.AbstractHttp11JsseProtocol.init(AbstractHttp11JsseProtocol.java:119)
	at org.apache.catalina.connector.Connector.initInternal(Connector.java:909)
	... 13 more
Caused by: java.net.BindException: Address already in use
	at java.net.PlainSocketImpl.socketBind(Native Method)
	at java.net.AbstractPlainSocketImpl.bind(AbstractPlainSocketImpl.java:376)
	at java.net.ServerSocket.bind(ServerSocket.java:376)
	at java.net.ServerSocket.<init>(ServerSocket.java:237)
	at java.net.ServerSocket.<init>(ServerSocket.java:181)
	at org.apache.tomcat.util.net.DefaultServerSocketFactory.createSocket(DefaultServerSocketFactory.java:48)
	at org.apache.tomcat.util.net.JIoEndpoint.bind(JIoEndpoint.java:373)
	... 17 more

Nov 14, 2013 4:20:34 PM org.apache.coyote.AbstractProtocol init
INFO: Initializing ProtocolHandler ["http-nio-8783"]
Nov 14, 2013 4:20:34 PM org.apache.coyote.AbstractProtocol init
SEVERE: Failed to initialize end point associated with ProtocolHandler ["http-nio-8783"]
java.net.BindException: Address already in use
	at sun.nio.ch.Net.bind0(Native Method)
	at sun.nio.ch.Net.bind(Net.java:444)
	at sun.nio.ch.Net.bind(Net.java:436)
	at sun.nio.ch.ServerSocketChannelImpl.bind(ServerSocketChannelImpl.java:214)
	at sun.nio.ch.ServerSocketAdaptor.bind(ServerSocketAdaptor.java:74)
	at org.apache.tomcat.util.net.NioEndpoint.bind(NioEndpoint.java:464)
	at org.apache.tomcat.util.net.AbstractEndpoint.init(AbstractEndpoint.java:498)
	at org.apache.coyote.AbstractProtocol.init(AbstractProtocol.java:369)
	at org.apache.coyote.http11.AbstractHttp11JsseProtocol.init(AbstractHttp11JsseProtocol.java:119)
	at org.apache.catalina.connector.Connector.initInternal(Connector.java:909)
	at org.apache.catalina.util.LifecycleBase.init(LifecycleBase.java:102)
	at org.apache.catalina.core.StandardService.initInternal(StandardService.java:559)
	at org.apache.catalina.util.LifecycleBase.init(LifecycleBase.java:102)
	at org.apache.catalina.core.StandardServer.initInternal(StandardServer.java:781)
	at org.apache.catalina.util.LifecycleBase.init(LifecycleBase.java:102)
	at org.apache.catalina.startup.Catalina.load(Catalina.java:573)
	at org.apache.catalina.startup.Catalina.load(Catalina.java:596)
	at sun.reflect.NativeMethodAccessorImpl.invoke0(Native Method)
	at sun.reflect.NativeMethodAccessorImpl.invoke(NativeMethodAccessorImpl.java:57)
	at sun.reflect.DelegatingMethodAccessorImpl.invoke(DelegatingMethodAccessorImpl.java:43)
	at java.lang.reflect.Method.invoke(Method.java:606)
	at org.apache.catalina.startup.Bootstrap.load(Bootstrap.java:281)
	at org.apache.catalina.startup.Bootstrap.main(Bootstrap.java:449)

Nov 14, 2013 4:20:34 PM org.apache.catalina.core.StandardService initInternal
SEVERE: Failed to initialize connector [Connector[org.apache.coyote.http11.Http11NioProtocol-8783]]
org.apache.catalina.LifecycleException: Failed to initialize component [Connector[org.apache.coyote.http11.Http11NioProtocol-8783]]
	at org.apache.catalina.util.LifecycleBase.init(LifecycleBase.java:106)
	at org.apache.catalina.core.StandardService.initInternal(StandardService.java:559)
	at org.apache.catalina.util.LifecycleBase.init(LifecycleBase.java:102)
	at org.apache.catalina.core.StandardServer.initInternal(StandardServer.java:781)
	at org.apache.catalina.util.LifecycleBase.init(LifecycleBase.java:102)
	at org.apache.catalina.startup.Catalina.load(Catalina.java:573)
	at org.apache.catalina.startup.Catalina.load(Catalina.java:596)
	at sun.reflect.NativeMethodAccessorImpl.invoke0(Native Method)
	at sun.reflect.NativeMethodAccessorImpl.invoke(NativeMethodAccessorImpl.java:57)
	at sun.reflect.DelegatingMethodAccessorImpl.invoke(DelegatingMethodAccessorImpl.java:43)
	at java.lang.reflect.Method.invoke(Method.java:606)
	at org.apache.catalina.startup.Bootstrap.load(Bootstrap.java:281)
	at org.apache.catalina.startup.Bootstrap.main(Bootstrap.java:449)
Caused by: org.apache.catalina.LifecycleException: Protocol handler initialization failed
	at org.apache.catalina.connector.Connector.initInternal(Connector.java:911)
	at org.apache.catalina.util.LifecycleBase.init(LifecycleBase.java:102)
	... 12 more
Caused by: java.net.BindException: Address already in use
	at sun.nio.ch.Net.bind0(Native Method)
	at sun.nio.ch.Net.bind(Net.java:444)
	at sun.nio.ch.Net.bind(Net.java:436)
	at sun.nio.ch.ServerSocketChannelImpl.bind(ServerSocketChannelImpl.java:214)
	at sun.nio.ch.ServerSocketAdaptor.bind(ServerSocketAdaptor.java:74)
	at org.apache.tomcat.util.net.NioEndpoint.bind(NioEndpoint.java:464)
	at org.apache.tomcat.util.net.AbstractEndpoint.init(AbstractEndpoint.java:498)
	at org.apache.coyote.AbstractProtocol.init(AbstractProtocol.java:369)
	at org.apache.coyote.http11.AbstractHttp11JsseProtocol.init(AbstractHttp11JsseProtocol.java:119)
	at org.apache.catalina.connector.Connector.initInternal(Connector.java:909)
	... 13 more

Nov 14, 2013 4:20:34 PM org.apache.coyote.AbstractProtocol init
INFO: Initializing ProtocolHandler ["ajp-bio-8789"]
Nov 14, 2013 4:20:34 PM org.apache.coyote.AbstractProtocol init
SEVERE: Failed to initialize end point associated with ProtocolHandler ["ajp-bio-8789"]
java.net.BindException: Address already in use <null>:8789
	at org.apache.tomcat.util.net.JIoEndpoint.bind(JIoEndpoint.java:386)
	at org.apache.tomcat.util.net.AbstractEndpoint.init(AbstractEndpoint.java:498)
	at org.apache.coyote.AbstractProtocol.init(AbstractProtocol.java:369)
	at org.apache.catalina.connector.Connector.initInternal(Connector.java:909)
	at org.apache.catalina.util.LifecycleBase.init(LifecycleBase.java:102)
	at org.apache.catalina.core.StandardService.initInternal(StandardService.java:559)
	at org.apache.catalina.util.LifecycleBase.init(LifecycleBase.java:102)
	at org.apache.catalina.core.StandardServer.initInternal(StandardServer.java:781)
	at org.apache.catalina.util.LifecycleBase.init(LifecycleBase.java:102)
	at org.apache.catalina.startup.Catalina.load(Catalina.java:573)
	at org.apache.catalina.startup.Catalina.load(Catalina.java:596)
	at sun.reflect.NativeMethodAccessorImpl.invoke0(Native Method)
	at sun.reflect.NativeMethodAccessorImpl.invoke(NativeMethodAccessorImpl.java:57)
	at sun.reflect.DelegatingMethodAccessorImpl.invoke(DelegatingMethodAccessorImpl.java:43)
	at java.lang.reflect.Method.invoke(Method.java:606)
	at org.apache.catalina.startup.Bootstrap.load(Bootstrap.java:281)
	at org.apache.catalina.startup.Bootstrap.main(Bootstrap.java:449)
Caused by: java.net.BindException: Address already in use
	at java.net.PlainSocketImpl.socketBind(Native Method)
	at java.net.AbstractPlainSocketImpl.bind(AbstractPlainSocketImpl.java:376)
	at java.net.ServerSocket.bind(ServerSocket.java:376)
	at java.net.ServerSocket.<init>(ServerSocket.java:237)
	at java.net.ServerSocket.<init>(ServerSocket.java:181)
	at org.apache.tomcat.util.net.DefaultServerSocketFactory.createSocket(DefaultServerSocketFactory.java:48)
	at org.apache.tomcat.util.net.JIoEndpoint.bind(JIoEndpoint.java:373)
	... 16 more

Nov 14, 2013 4:20:34 PM org.apache.catalina.core.StandardService initInternal
SEVERE: Failed to initialize connector [Connector[AJP/1.3-8789]]
org.apache.catalina.LifecycleException: Failed to initialize component [Connector[AJP/1.3-8789]]
	at org.apache.catalina.util.LifecycleBase.init(LifecycleBase.java:106)
	at org.apache.catalina.core.StandardService.initInternal(StandardService.java:559)
	at org.apache.catalina.util.LifecycleBase.init(LifecycleBase.java:102)
	at org.apache.catalina.core.StandardServer.initInternal(StandardServer.java:781)
	at org.apache.catalina.util.LifecycleBase.init(LifecycleBase.java:102)
	at org.apache.catalina.startup.Catalina.load(Catalina.java:573)
	at org.apache.catalina.startup.Catalina.load(Catalina.java:596)
	at sun.reflect.NativeMethodAccessorImpl.invoke0(Native Method)
	at sun.reflect.NativeMethodAccessorImpl.invoke(NativeMethodAccessorImpl.java:57)
	at sun.reflect.DelegatingMethodAccessorImpl.invoke(DelegatingMethodAccessorImpl.java:43)
	at java.lang.reflect.Method.invoke(Method.java:606)
	at org.apache.catalina.startup.Bootstrap.load(Bootstrap.java:281)
	at org.apache.catalina.startup.Bootstrap.main(Bootstrap.java:449)
Caused by: org.apache.catalina.LifecycleException: Protocol handler initialization failed
	at org.apache.catalina.connector.Connector.initInternal(Connector.java:911)
	at org.apache.catalina.util.LifecycleBase.init(LifecycleBase.java:102)
	... 12 more
Caused by: java.net.BindException: Address already in use <null>:8789
	at org.apache.tomcat.util.net.JIoEndpoint.bind(JIoEndpoint.java:386)
	at org.apache.tomcat.util.net.AbstractEndpoint.init(AbstractEndpoint.java:498)
	at org.apache.coyote.AbstractProtocol.init(AbstractProtocol.java:369)
	at org.apache.catalina.connector.Connector.initInternal(Connector.java:909)
	... 13 more
Caused by: java.net.BindException: Address already in use
	at java.net.PlainSocketImpl.socketBind(Native Method)
	at java.net.AbstractPlainSocketImpl.bind(AbstractPlainSocketImpl.java:376)
	at java.net.ServerSocket.bind(ServerSocket.java:376)
	at java.net.ServerSocket.<init>(ServerSocket.java:237)
	at java.net.ServerSocket.<init>(ServerSocket.java:181)
	at org.apache.tomcat.util.net.DefaultServerSocketFactory.createSocket(DefaultServerSocketFactory.java:48)
	at org.apache.tomcat.util.net.JIoEndpoint.bind(JIoEndpoint.java:373)
	... 16 more

Nov 14, 2013 4:20:34 PM org.apache.catalina.startup.Catalina load
INFO: Initialization processed in 991 ms
Nov 14, 2013 4:20:34 PM org.apache.catalina.core.StandardService startInternal
INFO: Starting service Catalina
Nov 14, 2013 4:20:34 PM org.apache.catalina.core.StandardEngine startInternal
INFO: Starting Servlet Engine: Apache Tomcat/7.0.22
Nov 14, 2013 4:20:34 PM org.apache.catalina.startup.HostConfig deployDirectory
INFO: Deploying web application directory javadoc
Nov 14, 2013 4:20:36 PM org.apache.catalina.startup.HostConfig deployDirectory
INFO: Deploying web application directory konakart
Nov 14, 2013 4:20:39 PM org.apache.coyote.AbstractProtocol start
INFO: Starting ProtocolHandler ["http-bio-8780"]
Nov 14, 2013 4:20:39 PM org.apache.coyote.AbstractProtocol start
INFO: Starting ProtocolHandler ["http-nio-8783"]
Nov 14, 2013 4:20:39 PM org.apache.coyote.AbstractProtocol start
INFO: Starting ProtocolHandler ["ajp-bio-8789"]
Nov 14, 2013 4:20:39 PM org.apache.catalina.startup.Catalina start
INFO: Server startup in 8749 ms
Nov 14, 2013 4:21:39 PM org.apache.catalina.util.SessionIdGenerator createSecureRandom
INFO: Creation of SecureRandom instance for session ID generation using [SHA1PRNG] took [65,165] milliseconds.
Nov 14, 2013 4:21:39 PM org.apache.catalina.startup.HostConfig deployDirectory
INFO: Deploying web application directory konakartadmin
Nov 14, 2013 4:21:42 PM org.apache.catalina.startup.HostConfig deployDirectory
INFO: Deploying web application directory ROOT
Nov 14, 2013 4:21:42 PM org.apache.catalina.startup.HostConfig deployDirectory
INFO: Deploying web application directory birtviewer
Nov 14, 2013 4:21:42 PM org.apache.catalina.startup.TaglibUriRule body
INFO: TLD skipped. URI: http://www.eclipse.org/birt/taglibs/birt.tld is already defined
Nov 14, 2013 4:21:45 PM org.apache.catalina.startup.HostConfig deployDirectory
INFO: Deploying web application directory konakart
Nov 14, 2013 4:21:47 PM org.apache.catalina.startup.Catalina start
INFO: Server startup in 73846 ms
Nov 14, 2013 4:21:47 PM org.apache.catalina.core.StandardServer await
SEVERE: StandardServer.await: create[localhost:8785]: 
java.net.BindException: Address already in use
	at java.net.PlainSocketImpl.socketBind(Native Method)
	at java.net.AbstractPlainSocketImpl.bind(AbstractPlainSocketImpl.java:376)
	at java.net.ServerSocket.bind(ServerSocket.java:376)
	at java.net.ServerSocket.<init>(ServerSocket.java:237)
	at org.apache.catalina.core.StandardServer.await(StandardServer.java:422)
	at org.apache.catalina.startup.Catalina.await(Catalina.java:709)
	at org.apache.catalina.startup.Catalina.start(Catalina.java:654)
	at sun.reflect.NativeMethodAccessorImpl.invoke0(Native Method)
	at sun.reflect.NativeMethodAccessorImpl.invoke(NativeMethodAccessorImpl.java:57)
	at sun.reflect.DelegatingMethodAccessorImpl.invoke(DelegatingMethodAccessorImpl.java:43)
	at java.lang.reflect.Method.invoke(Method.java:606)
	at org.apache.catalina.startup.Bootstrap.start(Bootstrap.java:322)
	at org.apache.catalina.startup.Bootstrap.main(Bootstrap.java:450)

Nov 14, 2013 4:21:47 PM org.apache.coyote.AbstractProtocol pause
INFO: Pausing ProtocolHandler ["http-bio-8780"]
Nov 14, 2013 4:21:47 PM org.apache.coyote.AbstractProtocol pause
INFO: Pausing ProtocolHandler ["http-nio-8783"]
Nov 14, 2013 4:21:47 PM org.apache.coyote.AbstractProtocol pause
INFO: Pausing ProtocolHandler ["ajp-bio-8789"]
Nov 14, 2013 4:21:47 PM org.apache.catalina.core.StandardService stopInternal
INFO: Stopping service Catalina
Nov 14, 2013 4:21:47 PM org.apache.catalina.loader.WebappClassLoader clearReferencesJdbc
SEVERE: The web application [/konakart] registered the JDBC driver [com.mysql.jdbc.Driver] but failed to unregister it when the web application was stopped. To prevent a memory leak, the JDBC Driver has been forcibly unregistered.
Nov 14, 2013 4:21:47 PM org.apache.catalina.loader.WebappClassLoader clearReferencesThreads
SEVERE: The web application [/konakart] appears to have started a thread named [Thread-7] but has failed to stop it. This is very likely to create a memory leak.
Nov 14, 2013 4:21:48 PM org.apache.coyote.AbstractProtocol destroy
INFO: Destroying ProtocolHandler ["http-bio-8780"]
Nov 14, 2013 4:21:48 PM org.apache.coyote.AbstractProtocol destroy
INFO: Destroying ProtocolHandler ["http-nio-8783"]
Nov 14, 2013 4:21:48 PM org.apache.coyote.AbstractProtocol destroy
INFO: Destroying ProtocolHandler ["ajp-bio-8789"]
Nov 14, 2013 6:03:41 PM org.apache.coyote.AbstractProtocol pause
INFO: Pausing ProtocolHandler ["http-bio-8780"]
Nov 14, 2013 6:03:42 PM org.apache.coyote.AbstractProtocol pause
INFO: Pausing ProtocolHandler ["http-nio-8783"]
Nov 14, 2013 6:03:43 PM org.apache.coyote.AbstractProtocol pause
INFO: Pausing ProtocolHandler ["ajp-bio-8789"]
Nov 14, 2013 6:03:44 PM org.apache.catalina.core.StandardService stopInternal
INFO: Stopping service Catalina
Nov 14, 2013 6:03:44 PM org.apache.catalina.loader.WebappClassLoader clearReferencesJdbc
SEVERE: The web application [/konakart] registered the JDBC driver [com.mysql.jdbc.Driver] but failed to unregister it when the web application was stopped. To prevent a memory leak, the JDBC Driver has been forcibly unregistered.
Nov 14, 2013 6:03:44 PM org.apache.catalina.loader.WebappClassLoader clearReferencesThreads
SEVERE: The web application [/konakart] appears to have started a thread named [Thread-8] but has failed to stop it. This is very likely to create a memory leak.
Nov 14, 2013 6:03:44 PM org.apache.catalina.loader.WebappClassLoader clearReferencesJdbc
SEVERE: The web application [/konakartadmin] registered the JDBC driver [com.mysql.jdbc.Driver] but failed to unregister it when the web application was stopped. To prevent a memory leak, the JDBC Driver has been forcibly unregistered.
Nov 14, 2013 6:03:44 PM org.apache.catalina.loader.WebappClassLoader clearReferencesThreads
SEVERE: The web application [/konakartadmin] appears to have started a thread named [Thread-12] but has failed to stop it. This is very likely to create a memory leak.
Nov 14, 2013 6:03:44 PM org.apache.coyote.AbstractProtocol stop
INFO: Stopping ProtocolHandler ["http-bio-8780"]
Nov 14, 2013 6:03:44 PM org.apache.coyote.AbstractProtocol stop
INFO: Stopping ProtocolHandler ["http-nio-8783"]
Nov 14, 2013 6:03:44 PM org.apache.coyote.AbstractProtocol stop
INFO: Stopping ProtocolHandler ["ajp-bio-8789"]
Nov 14, 2013 6:03:44 PM org.apache.coyote.AbstractProtocol destroy
INFO: Destroying ProtocolHandler ["http-bio-8780"]
Nov 14, 2013 6:03:44 PM org.apache.coyote.AbstractProtocol destroy
INFO: Destroying ProtocolHandler ["http-nio-8783"]
Nov 14, 2013 6:03:44 PM org.apache.coyote.AbstractProtocol destroy
INFO: Destroying ProtocolHandler ["ajp-bio-8789"]
Nov 14, 2013 6:08:09 PM org.apache.catalina.core.AprLifecycleListener init
INFO: The APR based Apache Tomcat Native library which allows optimal performance in production environments was not found on the java.library.path: /usr/java/packages/lib/amd64:/usr/lib64:/lib64:/lib:/usr/lib
Nov 14, 2013 6:08:09 PM org.apache.coyote.AbstractProtocol init
INFO: Initializing ProtocolHandler ["http-bio-8780"]
Nov 14, 2013 6:08:09 PM org.apache.coyote.AbstractProtocol init
INFO: Initializing ProtocolHandler ["http-nio-8783"]
Nov 14, 2013 6:08:10 PM org.apache.tomcat.util.net.NioSelectorPool getSharedSelector
INFO: Using a shared selector for servlet write/read
Nov 14, 2013 6:08:10 PM org.apache.coyote.AbstractProtocol init
INFO: Initializing ProtocolHandler ["ajp-bio-8789"]
Nov 14, 2013 6:08:10 PM org.apache.catalina.startup.Catalina load
INFO: Initialization processed in 1317 ms
Nov 14, 2013 6:08:10 PM org.apache.catalina.core.StandardService startInternal
INFO: Starting service Catalina
Nov 14, 2013 6:08:10 PM org.apache.catalina.core.StandardEngine startInternal
INFO: Starting Servlet Engine: Apache Tomcat/7.0.22
Nov 14, 2013 6:08:10 PM org.apache.catalina.startup.HostConfig deployDirectory
INFO: Deploying web application directory javadoc
Nov 14, 2013 6:08:10 PM org.apache.catalina.startup.HostConfig deployDirectory
INFO: Deploying web application directory konakartadmin
Nov 14, 2013 6:08:13 PM org.apache.catalina.startup.HostConfig deployDirectory
INFO: Deploying web application directory ROOT
Nov 14, 2013 6:08:13 PM org.apache.catalina.startup.HostConfig deployDirectory
INFO: Deploying web application directory birtviewer
Nov 14, 2013 6:08:13 PM org.apache.catalina.startup.TaglibUriRule body
INFO: TLD skipped. URI: http://www.eclipse.org/birt/taglibs/birt.tld is already defined
Nov 14, 2013 6:08:16 PM org.apache.catalina.startup.HostConfig deployDirectory
INFO: Deploying web application directory konakart
Nov 14, 2013 6:08:19 PM org.apache.coyote.AbstractProtocol start
INFO: Starting ProtocolHandler ["http-bio-8780"]
Nov 14, 2013 6:08:19 PM org.apache.coyote.AbstractProtocol start
INFO: Starting ProtocolHandler ["http-nio-8783"]
Nov 14, 2013 6:08:19 PM org.apache.coyote.AbstractProtocol start
INFO: Starting ProtocolHandler ["ajp-bio-8789"]
Nov 14, 2013 6:08:19 PM org.apache.catalina.startup.Catalina start
INFO: Server startup in 9056 ms
Nov 14, 2013 6:11:06 PM org.apache.catalina.core.AprLifecycleListener init
INFO: The APR based Apache Tomcat Native library which allows optimal performance in production environments was not found on the java.library.path: /usr/java/packages/lib/amd64:/usr/lib64:/lib64:/lib:/usr/lib
Nov 14, 2013 6:11:07 PM org.apache.coyote.AbstractProtocol init
INFO: Initializing ProtocolHandler ["http-bio-8780"]
Nov 14, 2013 6:11:07 PM org.apache.coyote.AbstractProtocol init
SEVERE: Failed to initialize end point associated with ProtocolHandler ["http-bio-8780"]
java.net.BindException: Address already in use <null>:8780
	at org.apache.tomcat.util.net.JIoEndpoint.bind(JIoEndpoint.java:386)
	at org.apache.tomcat.util.net.AbstractEndpoint.init(AbstractEndpoint.java:498)
	at org.apache.coyote.AbstractProtocol.init(AbstractProtocol.java:369)
	at org.apache.coyote.http11.AbstractHttp11JsseProtocol.init(AbstractHttp11JsseProtocol.java:119)
	at org.apache.catalina.connector.Connector.initInternal(Connector.java:909)
	at org.apache.catalina.util.LifecycleBase.init(LifecycleBase.java:102)
	at org.apache.catalina.core.StandardService.initInternal(StandardService.java:559)
	at org.apache.catalina.util.LifecycleBase.init(LifecycleBase.java:102)
	at org.apache.catalina.core.StandardServer.initInternal(StandardServer.java:781)
	at org.apache.catalina.util.LifecycleBase.init(LifecycleBase.java:102)
	at org.apache.catalina.startup.Catalina.load(Catalina.java:573)
	at org.apache.catalina.startup.Catalina.load(Catalina.java:596)
	at sun.reflect.NativeMethodAccessorImpl.invoke0(Native Method)
	at sun.reflect.NativeMethodAccessorImpl.invoke(NativeMethodAccessorImpl.java:57)
	at sun.reflect.DelegatingMethodAccessorImpl.invoke(DelegatingMethodAccessorImpl.java:43)
	at java.lang.reflect.Method.invoke(Method.java:606)
	at org.apache.catalina.startup.Bootstrap.load(Bootstrap.java:281)
	at org.apache.catalina.startup.Bootstrap.main(Bootstrap.java:449)
Caused by: java.net.BindException: Address already in use
	at java.net.PlainSocketImpl.socketBind(Native Method)
	at java.net.AbstractPlainSocketImpl.bind(AbstractPlainSocketImpl.java:376)
	at java.net.ServerSocket.bind(ServerSocket.java:376)
	at java.net.ServerSocket.<init>(ServerSocket.java:237)
	at java.net.ServerSocket.<init>(ServerSocket.java:181)
	at org.apache.tomcat.util.net.DefaultServerSocketFactory.createSocket(DefaultServerSocketFactory.java:48)
	at org.apache.tomcat.util.net.JIoEndpoint.bind(JIoEndpoint.java:373)
	... 17 more

Nov 14, 2013 6:11:07 PM org.apache.catalina.core.StandardService initInternal
SEVERE: Failed to initialize connector [Connector[HTTP/1.1-8780]]
org.apache.catalina.LifecycleException: Failed to initialize component [Connector[HTTP/1.1-8780]]
	at org.apache.catalina.util.LifecycleBase.init(LifecycleBase.java:106)
	at org.apache.catalina.core.StandardService.initInternal(StandardService.java:559)
	at org.apache.catalina.util.LifecycleBase.init(LifecycleBase.java:102)
	at org.apache.catalina.core.StandardServer.initInternal(StandardServer.java:781)
	at org.apache.catalina.util.LifecycleBase.init(LifecycleBase.java:102)
	at org.apache.catalina.startup.Catalina.load(Catalina.java:573)
	at org.apache.catalina.startup.Catalina.load(Catalina.java:596)
	at sun.reflect.NativeMethodAccessorImpl.invoke0(Native Method)
	at sun.reflect.NativeMethodAccessorImpl.invoke(NativeMethodAccessorImpl.java:57)
	at sun.reflect.DelegatingMethodAccessorImpl.invoke(DelegatingMethodAccessorImpl.java:43)
	at java.lang.reflect.Method.invoke(Method.java:606)
	at org.apache.catalina.startup.Bootstrap.load(Bootstrap.java:281)
	at org.apache.catalina.startup.Bootstrap.main(Bootstrap.java:449)
Caused by: org.apache.catalina.LifecycleException: Protocol handler initialization failed
	at org.apache.catalina.connector.Connector.initInternal(Connector.java:911)
	at org.apache.catalina.util.LifecycleBase.init(LifecycleBase.java:102)
	... 12 more
Caused by: java.net.BindException: Address already in use <null>:8780
	at org.apache.tomcat.util.net.JIoEndpoint.bind(JIoEndpoint.java:386)
	at org.apache.tomcat.util.net.AbstractEndpoint.init(AbstractEndpoint.java:498)
	at org.apache.coyote.AbstractProtocol.init(AbstractProtocol.java:369)
	at org.apache.coyote.http11.AbstractHttp11JsseProtocol.init(AbstractHttp11JsseProtocol.java:119)
	at org.apache.catalina.connector.Connector.initInternal(Connector.java:909)
	... 13 more
Caused by: java.net.BindException: Address already in use
	at java.net.PlainSocketImpl.socketBind(Native Method)
	at java.net.AbstractPlainSocketImpl.bind(AbstractPlainSocketImpl.java:376)
	at java.net.ServerSocket.bind(ServerSocket.java:376)
	at java.net.ServerSocket.<init>(ServerSocket.java:237)
	at java.net.ServerSocket.<init>(ServerSocket.java:181)
	at org.apache.tomcat.util.net.DefaultServerSocketFactory.createSocket(DefaultServerSocketFactory.java:48)
	at org.apache.tomcat.util.net.JIoEndpoint.bind(JIoEndpoint.java:373)
	... 17 more

Nov 14, 2013 6:11:07 PM org.apache.coyote.AbstractProtocol init
INFO: Initializing ProtocolHandler ["http-nio-8783"]
Nov 14, 2013 6:11:07 PM org.apache.coyote.AbstractProtocol init
SEVERE: Failed to initialize end point associated with ProtocolHandler ["http-nio-8783"]
java.net.BindException: Address already in use
	at sun.nio.ch.Net.bind0(Native Method)
	at sun.nio.ch.Net.bind(Net.java:444)
	at sun.nio.ch.Net.bind(Net.java:436)
	at sun.nio.ch.ServerSocketChannelImpl.bind(ServerSocketChannelImpl.java:214)
	at sun.nio.ch.ServerSocketAdaptor.bind(ServerSocketAdaptor.java:74)
	at org.apache.tomcat.util.net.NioEndpoint.bind(NioEndpoint.java:464)
	at org.apache.tomcat.util.net.AbstractEndpoint.init(AbstractEndpoint.java:498)
	at org.apache.coyote.AbstractProtocol.init(AbstractProtocol.java:369)
	at org.apache.coyote.http11.AbstractHttp11JsseProtocol.init(AbstractHttp11JsseProtocol.java:119)
	at org.apache.catalina.connector.Connector.initInternal(Connector.java:909)
	at org.apache.catalina.util.LifecycleBase.init(LifecycleBase.java:102)
	at org.apache.catalina.core.StandardService.initInternal(StandardService.java:559)
	at org.apache.catalina.util.LifecycleBase.init(LifecycleBase.java:102)
	at org.apache.catalina.core.StandardServer.initInternal(StandardServer.java:781)
	at org.apache.catalina.util.LifecycleBase.init(LifecycleBase.java:102)
	at org.apache.catalina.startup.Catalina.load(Catalina.java:573)
	at org.apache.catalina.startup.Catalina.load(Catalina.java:596)
	at sun.reflect.NativeMethodAccessorImpl.invoke0(Native Method)
	at sun.reflect.NativeMethodAccessorImpl.invoke(NativeMethodAccessorImpl.java:57)
	at sun.reflect.DelegatingMethodAccessorImpl.invoke(DelegatingMethodAccessorImpl.java:43)
	at java.lang.reflect.Method.invoke(Method.java:606)
	at org.apache.catalina.startup.Bootstrap.load(Bootstrap.java:281)
	at org.apache.catalina.startup.Bootstrap.main(Bootstrap.java:449)

Nov 14, 2013 6:11:07 PM org.apache.catalina.core.StandardService initInternal
SEVERE: Failed to initialize connector [Connector[org.apache.coyote.http11.Http11NioProtocol-8783]]
org.apache.catalina.LifecycleException: Failed to initialize component [Connector[org.apache.coyote.http11.Http11NioProtocol-8783]]
	at org.apache.catalina.util.LifecycleBase.init(LifecycleBase.java:106)
	at org.apache.catalina.core.StandardService.initInternal(StandardService.java:559)
	at org.apache.catalina.util.LifecycleBase.init(LifecycleBase.java:102)
	at org.apache.catalina.core.StandardServer.initInternal(StandardServer.java:781)
	at org.apache.catalina.util.LifecycleBase.init(LifecycleBase.java:102)
	at org.apache.catalina.startup.Catalina.load(Catalina.java:573)
	at org.apache.catalina.startup.Catalina.load(Catalina.java:596)
	at sun.reflect.NativeMethodAccessorImpl.invoke0(Native Method)
	at sun.reflect.NativeMethodAccessorImpl.invoke(NativeMethodAccessorImpl.java:57)
	at sun.reflect.DelegatingMethodAccessorImpl.invoke(DelegatingMethodAccessorImpl.java:43)
	at java.lang.reflect.Method.invoke(Method.java:606)
	at org.apache.catalina.startup.Bootstrap.load(Bootstrap.java:281)
	at org.apache.catalina.startup.Bootstrap.main(Bootstrap.java:449)
Caused by: org.apache.catalina.LifecycleException: Protocol handler initialization failed
	at org.apache.catalina.connector.Connector.initInternal(Connector.java:911)
	at org.apache.catalina.util.LifecycleBase.init(LifecycleBase.java:102)
	... 12 more
Caused by: java.net.BindException: Address already in use
	at sun.nio.ch.Net.bind0(Native Method)
	at sun.nio.ch.Net.bind(Net.java:444)
	at sun.nio.ch.Net.bind(Net.java:436)
	at sun.nio.ch.ServerSocketChannelImpl.bind(ServerSocketChannelImpl.java:214)
	at sun.nio.ch.ServerSocketAdaptor.bind(ServerSocketAdaptor.java:74)
	at org.apache.tomcat.util.net.NioEndpoint.bind(NioEndpoint.java:464)
	at org.apache.tomcat.util.net.AbstractEndpoint.init(AbstractEndpoint.java:498)
	at org.apache.coyote.AbstractProtocol.init(AbstractProtocol.java:369)
	at org.apache.coyote.http11.AbstractHttp11JsseProtocol.init(AbstractHttp11JsseProtocol.java:119)
	at org.apache.catalina.connector.Connector.initInternal(Connector.java:909)
	... 13 more

Nov 14, 2013 6:11:07 PM org.apache.coyote.AbstractProtocol init
INFO: Initializing ProtocolHandler ["ajp-bio-8789"]
Nov 14, 2013 6:11:07 PM org.apache.coyote.AbstractProtocol init
SEVERE: Failed to initialize end point associated with ProtocolHandler ["ajp-bio-8789"]
java.net.BindException: Address already in use <null>:8789
	at org.apache.tomcat.util.net.JIoEndpoint.bind(JIoEndpoint.java:386)
	at org.apache.tomcat.util.net.AbstractEndpoint.init(AbstractEndpoint.java:498)
	at org.apache.coyote.AbstractProtocol.init(AbstractProtocol.java:369)
	at org.apache.catalina.connector.Connector.initInternal(Connector.java:909)
	at org.apache.catalina.util.LifecycleBase.init(LifecycleBase.java:102)
	at org.apache.catalina.core.StandardService.initInternal(StandardService.java:559)
	at org.apache.catalina.util.LifecycleBase.init(LifecycleBase.java:102)
	at org.apache.catalina.core.StandardServer.initInternal(StandardServer.java:781)
	at org.apache.catalina.util.LifecycleBase.init(LifecycleBase.java:102)
	at org.apache.catalina.startup.Catalina.load(Catalina.java:573)
	at org.apache.catalina.startup.Catalina.load(Catalina.java:596)
	at sun.reflect.NativeMethodAccessorImpl.invoke0(Native Method)
	at sun.reflect.NativeMethodAccessorImpl.invoke(NativeMethodAccessorImpl.java:57)
	at sun.reflect.DelegatingMethodAccessorImpl.invoke(DelegatingMethodAccessorImpl.java:43)
	at java.lang.reflect.Method.invoke(Method.java:606)
	at org.apache.catalina.startup.Bootstrap.load(Bootstrap.java:281)
	at org.apache.catalina.startup.Bootstrap.main(Bootstrap.java:449)
Caused by: java.net.BindException: Address already in use
	at java.net.PlainSocketImpl.socketBind(Native Method)
	at java.net.AbstractPlainSocketImpl.bind(AbstractPlainSocketImpl.java:376)
	at java.net.ServerSocket.bind(ServerSocket.java:376)
	at java.net.ServerSocket.<init>(ServerSocket.java:237)
	at java.net.ServerSocket.<init>(ServerSocket.java:181)
	at org.apache.tomcat.util.net.DefaultServerSocketFactory.createSocket(DefaultServerSocketFactory.java:48)
	at org.apache.tomcat.util.net.JIoEndpoint.bind(JIoEndpoint.java:373)
	... 16 more

Nov 14, 2013 6:11:07 PM org.apache.catalina.core.StandardService initInternal
SEVERE: Failed to initialize connector [Connector[AJP/1.3-8789]]
org.apache.catalina.LifecycleException: Failed to initialize component [Connector[AJP/1.3-8789]]
	at org.apache.catalina.util.LifecycleBase.init(LifecycleBase.java:106)
	at org.apache.catalina.core.StandardService.initInternal(StandardService.java:559)
	at org.apache.catalina.util.LifecycleBase.init(LifecycleBase.java:102)
	at org.apache.catalina.core.StandardServer.initInternal(StandardServer.java:781)
	at org.apache.catalina.util.LifecycleBase.init(LifecycleBase.java:102)
	at org.apache.catalina.startup.Catalina.load(Catalina.java:573)
	at org.apache.catalina.startup.Catalina.load(Catalina.java:596)
	at sun.reflect.NativeMethodAccessorImpl.invoke0(Native Method)
	at sun.reflect.NativeMethodAccessorImpl.invoke(NativeMethodAccessorImpl.java:57)
	at sun.reflect.DelegatingMethodAccessorImpl.invoke(DelegatingMethodAccessorImpl.java:43)
	at java.lang.reflect.Method.invoke(Method.java:606)
	at org.apache.catalina.startup.Bootstrap.load(Bootstrap.java:281)
	at org.apache.catalina.startup.Bootstrap.main(Bootstrap.java:449)
Caused by: org.apache.catalina.LifecycleException: Protocol handler initialization failed
	at org.apache.catalina.connector.Connector.initInternal(Connector.java:911)
	at org.apache.catalina.util.LifecycleBase.init(LifecycleBase.java:102)
	... 12 more
Caused by: java.net.BindException: Address already in use <null>:8789
	at org.apache.tomcat.util.net.JIoEndpoint.bind(JIoEndpoint.java:386)
	at org.apache.tomcat.util.net.AbstractEndpoint.init(AbstractEndpoint.java:498)
	at org.apache.coyote.AbstractProtocol.init(AbstractProtocol.java:369)
	at org.apache.catalina.connector.Connector.initInternal(Connector.java:909)
	... 13 more
Caused by: java.net.BindException: Address already in use
	at java.net.PlainSocketImpl.socketBind(Native Method)
	at java.net.AbstractPlainSocketImpl.bind(AbstractPlainSocketImpl.java:376)
	at java.net.ServerSocket.bind(ServerSocket.java:376)
	at java.net.ServerSocket.<init>(ServerSocket.java:237)
	at java.net.ServerSocket.<init>(ServerSocket.java:181)
	at org.apache.tomcat.util.net.DefaultServerSocketFactory.createSocket(DefaultServerSocketFactory.java:48)
	at org.apache.tomcat.util.net.JIoEndpoint.bind(JIoEndpoint.java:373)
	... 16 more

Nov 14, 2013 6:11:07 PM org.apache.catalina.startup.Catalina load
INFO: Initialization processed in 798 ms
Nov 14, 2013 6:11:07 PM org.apache.catalina.core.StandardService startInternal
INFO: Starting service Catalina
Nov 14, 2013 6:11:07 PM org.apache.catalina.core.StandardEngine startInternal
INFO: Starting Servlet Engine: Apache Tomcat/7.0.22
Nov 14, 2013 6:11:07 PM org.apache.catalina.startup.HostConfig deployDirectory
INFO: Deploying web application directory javadoc
Nov 14, 2013 6:11:14 PM org.apache.catalina.util.SessionIdGenerator createSecureRandom
INFO: Creation of SecureRandom instance for session ID generation using [SHA1PRNG] took [6,958] milliseconds.
Nov 14, 2013 6:11:14 PM org.apache.catalina.startup.HostConfig deployDirectory
INFO: Deploying web application directory konakartadmin
Nov 14, 2013 6:11:17 PM org.apache.catalina.startup.HostConfig deployDirectory
INFO: Deploying web application directory ROOT
Nov 14, 2013 6:11:17 PM org.apache.catalina.startup.HostConfig deployDirectory
INFO: Deploying web application directory birtviewer
Nov 14, 2013 6:11:17 PM org.apache.catalina.startup.TaglibUriRule body
INFO: TLD skipped. URI: http://www.eclipse.org/birt/taglibs/birt.tld is already defined
Nov 14, 2013 6:11:20 PM org.apache.catalina.startup.HostConfig deployDirectory
INFO: Deploying web application directory konakart
Nov 14, 2013 6:11:22 PM org.apache.catalina.startup.Catalina start
INFO: Server startup in 15497 ms
Nov 14, 2013 6:11:22 PM org.apache.catalina.core.StandardServer await
SEVERE: StandardServer.await: create[localhost:8785]: 
java.net.BindException: Address already in use
	at java.net.PlainSocketImpl.socketBind(Native Method)
	at java.net.AbstractPlainSocketImpl.bind(AbstractPlainSocketImpl.java:376)
	at java.net.ServerSocket.bind(ServerSocket.java:376)
	at java.net.ServerSocket.<init>(ServerSocket.java:237)
	at org.apache.catalina.core.StandardServer.await(StandardServer.java:422)
	at org.apache.catalina.startup.Catalina.await(Catalina.java:709)
	at org.apache.catalina.startup.Catalina.start(Catalina.java:654)
	at sun.reflect.NativeMethodAccessorImpl.invoke0(Native Method)
	at sun.reflect.NativeMethodAccessorImpl.invoke(NativeMethodAccessorImpl.java:57)
	at sun.reflect.DelegatingMethodAccessorImpl.invoke(DelegatingMethodAccessorImpl.java:43)
	at java.lang.reflect.Method.invoke(Method.java:606)
	at org.apache.catalina.startup.Bootstrap.start(Bootstrap.java:322)
	at org.apache.catalina.startup.Bootstrap.main(Bootstrap.java:450)

Nov 14, 2013 6:11:22 PM org.apache.coyote.AbstractProtocol pause
INFO: Pausing ProtocolHandler ["http-bio-8780"]
Nov 14, 2013 6:11:22 PM org.apache.coyote.AbstractProtocol pause
INFO: Pausing ProtocolHandler ["http-nio-8783"]
Nov 14, 2013 6:11:22 PM org.apache.coyote.AbstractProtocol pause
INFO: Pausing ProtocolHandler ["ajp-bio-8789"]
Nov 14, 2013 6:11:22 PM org.apache.catalina.core.StandardService stopInternal
INFO: Stopping service Catalina
Nov 14, 2013 6:11:22 PM org.apache.catalina.loader.WebappClassLoader clearReferencesJdbc
SEVERE: The web application [/konakart] registered the JDBC driver [com.mysql.jdbc.Driver] but failed to unregister it when the web application was stopped. To prevent a memory leak, the JDBC Driver has been forcibly unregistered.
Nov 14, 2013 6:11:22 PM org.apache.catalina.loader.WebappClassLoader clearReferencesThreads
SEVERE: The web application [/konakart] appears to have started a thread named [Thread-7] but has failed to stop it. This is very likely to create a memory leak.
Nov 14, 2013 6:11:22 PM org.apache.catalina.loader.WebappClassLoader clearReferencesThreads
SEVERE: The web application [/konakart] appears to have started a thread named [Thread-9] but has failed to stop it. This is very likely to create a memory leak.
Nov 14, 2013 6:11:22 PM org.apache.catalina.loader.WebappClassLoader loadClass
INFO: Illegal access: this web application instance has been stopped already.  Could not load com.konakart.app.Currency.  The eventual following stack trace is caused by an error thrown for debugging purposes as well as to attempt to terminate the thread which caused the illegal access, and has no functional impact.
java.lang.IllegalStateException
	at org.apache.catalina.loader.WebappClassLoader.loadClass(WebappClassLoader.java:1564)
	at org.apache.catalina.loader.WebappClassLoader.loadClass(WebappClassLoader.java:1523)
	at com.konakart.bl.CurrencyMgr.fetchDefaultCurrency(Unknown Source)
	at com.konakart.bl.CurrencyMgr.refreshConfigs(Unknown Source)
	at com.konakart.bl.CurrencyMgr.<init>(Unknown Source)
	at sun.reflect.NativeConstructorAccessorImpl.newInstance0(Native Method)
	at sun.reflect.NativeConstructorAccessorImpl.newInstance(NativeConstructorAccessorImpl.java:57)
	at sun.reflect.DelegatingConstructorAccessorImpl.newInstance(DelegatingConstructorAccessorImpl.java:45)
	at java.lang.reflect.Constructor.newInstance(Constructor.java:526)
	at com.konakart.bl.MgrFactory.instantiateCurrMgr(Unknown Source)
	at com.konakart.bl.MgrFactory.getCurrMgr(Unknown Source)
	at com.konakart.bl.BaseMgr.getCurrMgr(Unknown Source)
	at com.konakart.bl.TaxMgr.refreshConfigs(Unknown Source)
	at com.konakart.bl.TaxMgr.<init>(Unknown Source)
	at sun.reflect.NativeConstructorAccessorImpl.newInstance0(Native Method)
	at sun.reflect.NativeConstructorAccessorImpl.newInstance(NativeConstructorAccessorImpl.java:57)
	at sun.reflect.DelegatingConstructorAccessorImpl.newInstance(DelegatingConstructorAccessorImpl.java:45)
	at java.lang.reflect.Constructor.newInstance(Constructor.java:526)
	at com.konakart.bl.MgrFactory.instantiateTaxMgr(Unknown Source)
	at com.konakart.bl.MgrFactory.getTaxMgr(Unknown Source)
	at com.konakart.app.KKEng.getCountry(Unknown Source)
	at com.konakart.app.KKEng.getCountry(Unknown Source)
	at com.konakart.al.KKAppEng.getCountry(Unknown Source)
	at com.konakart.al.CustomerMgr.<init>(Unknown Source)
	at com.konakart.al.KKAppEng.init(Unknown Source)
	at com.konakart.al.KKAppEng.<init>(Unknown Source)
	at com.konakart.al.ConfigCacheUpdater.getClientEng(Unknown Source)
	at com.konakart.al.ConfigCacheUpdater.setCheckInterval(Unknown Source)
	at com.konakart.al.ConfigCacheUpdater.run(Unknown Source)

Nov 14, 2013 6:11:22 PM org.apache.catalina.loader.WebappClassLoader loadClass
INFO: Illegal access: this web application instance has been stopped already.  Could not load org.apache.log4j.spi.ThrowableInformation.  The eventual following stack trace is caused by an error thrown for debugging purposes as well as to attempt to terminate the thread which caused the illegal access, and has no functional impact.
java.lang.IllegalStateException
	at org.apache.catalina.loader.WebappClassLoader.loadClass(WebappClassLoader.java:1564)
	at org.apache.catalina.loader.WebappClassLoader.loadClass(WebappClassLoader.java:1523)
	at org.apache.log4j.spi.LoggingEvent.<init>(LoggingEvent.java:154)
	at org.apache.log4j.Category.forcedLog(Category.java:388)
	at org.apache.log4j.Category.log(Category.java:853)
	at org.apache.commons.logging.impl.Log4JLogger.warn(Log4JLogger.java:234)
	at com.konakart.al.CustomerMgr.<init>(Unknown Source)
	at com.konakart.al.KKAppEng.init(Unknown Source)
	at com.konakart.al.KKAppEng.<init>(Unknown Source)
	at com.konakart.al.ConfigCacheUpdater.getClientEng(Unknown Source)
	at com.konakart.al.ConfigCacheUpdater.setCheckInterval(Unknown Source)
	at com.konakart.al.ConfigCacheUpdater.run(Unknown Source)

Nov 14, 2013 6:11:22 PM org.apache.coyote.AbstractProtocol destroy
INFO: Destroying ProtocolHandler ["http-bio-8780"]
Nov 14, 2013 6:11:22 PM org.apache.coyote.AbstractProtocol destroy
INFO: Destroying ProtocolHandler ["http-nio-8783"]
Nov 14, 2013 6:11:22 PM org.apache.coyote.AbstractProtocol destroy
INFO: Destroying ProtocolHandler ["ajp-bio-8789"]
Nov 14, 2013 6:13:18 PM org.apache.coyote.AbstractProtocol pause
INFO: Pausing ProtocolHandler ["http-bio-8780"]
Nov 14, 2013 6:13:19 PM org.apache.coyote.AbstractProtocol pause
INFO: Pausing ProtocolHandler ["http-nio-8783"]
Nov 14, 2013 6:13:20 PM org.apache.coyote.AbstractProtocol pause
INFO: Pausing ProtocolHandler ["ajp-bio-8789"]
Nov 14, 2013 6:13:21 PM org.apache.catalina.core.StandardService stopInternal
INFO: Stopping service Catalina
Nov 14, 2013 6:13:21 PM org.apache.catalina.loader.WebappClassLoader clearReferencesJdbc
SEVERE: The web application [/konakart] registered the JDBC driver [com.mysql.jdbc.Driver] but failed to unregister it when the web application was stopped. To prevent a memory leak, the JDBC Driver has been forcibly unregistered.
Nov 14, 2013 6:13:21 PM org.apache.catalina.loader.WebappClassLoader clearReferencesThreads
SEVERE: The web application [/konakart] appears to have started a thread named [Thread-8] but has failed to stop it. This is very likely to create a memory leak.
Nov 14, 2013 6:13:21 PM org.apache.catalina.loader.WebappClassLoader clearReferencesJdbc
SEVERE: The web application [/konakartadmin] registered the JDBC driver [com.mysql.jdbc.Driver] but failed to unregister it when the web application was stopped. To prevent a memory leak, the JDBC Driver has been forcibly unregistered.
Nov 14, 2013 6:13:21 PM org.apache.catalina.loader.WebappClassLoader clearReferencesThreads
SEVERE: The web application [/konakartadmin] appears to have started a thread named [Thread-12] but has failed to stop it. This is very likely to create a memory leak.
Nov 14, 2013 6:13:21 PM org.apache.coyote.AbstractProtocol stop
INFO: Stopping ProtocolHandler ["http-bio-8780"]
Nov 14, 2013 6:13:21 PM org.apache.coyote.AbstractProtocol stop
INFO: Stopping ProtocolHandler ["http-nio-8783"]
Nov 14, 2013 6:13:21 PM org.apache.coyote.AbstractProtocol stop
INFO: Stopping ProtocolHandler ["ajp-bio-8789"]
Nov 14, 2013 6:13:21 PM org.apache.coyote.AbstractProtocol destroy
INFO: Destroying ProtocolHandler ["http-bio-8780"]
Nov 14, 2013 6:13:21 PM org.apache.coyote.AbstractProtocol destroy
INFO: Destroying ProtocolHandler ["http-nio-8783"]
Nov 14, 2013 6:13:21 PM org.apache.coyote.AbstractProtocol destroy
INFO: Destroying ProtocolHandler ["ajp-bio-8789"]
Nov 14, 2013 6:13:36 PM org.apache.catalina.core.AprLifecycleListener init
INFO: The APR based Apache Tomcat Native library which allows optimal performance in production environments was not found on the java.library.path: /usr/java/packages/lib/amd64:/usr/lib64:/lib64:/lib:/usr/lib
Nov 14, 2013 6:13:36 PM org.apache.coyote.AbstractProtocol init
INFO: Initializing ProtocolHandler ["http-bio-8780"]
Nov 14, 2013 6:13:36 PM org.apache.coyote.AbstractProtocol init
INFO: Initializing ProtocolHandler ["http-nio-8783"]
Nov 14, 2013 6:13:37 PM org.apache.tomcat.util.net.NioSelectorPool getSharedSelector
INFO: Using a shared selector for servlet write/read
Nov 14, 2013 6:13:37 PM org.apache.coyote.AbstractProtocol init
INFO: Initializing ProtocolHandler ["ajp-bio-8789"]
Nov 14, 2013 6:13:37 PM org.apache.catalina.startup.Catalina load
INFO: Initialization processed in 1226 ms
Nov 14, 2013 6:13:37 PM org.apache.catalina.core.StandardService startInternal
INFO: Starting service Catalina
Nov 14, 2013 6:13:37 PM org.apache.catalina.core.StandardEngine startInternal
INFO: Starting Servlet Engine: Apache Tomcat/7.0.22
Nov 14, 2013 6:13:37 PM org.apache.catalina.startup.HostConfig deployDirectory
INFO: Deploying web application directory javadoc
Nov 14, 2013 6:13:49 PM org.apache.catalina.util.SessionIdGenerator createSecureRandom
INFO: Creation of SecureRandom instance for session ID generation using [SHA1PRNG] took [11,552] milliseconds.
Nov 14, 2013 6:13:49 PM org.apache.catalina.startup.HostConfig deployDirectory
INFO: Deploying web application directory konakartadmin
Nov 14, 2013 6:13:51 PM org.apache.catalina.startup.HostConfig deployDirectory
INFO: Deploying web application directory ROOT
Nov 14, 2013 6:13:52 PM org.apache.catalina.startup.HostConfig deployDirectory
INFO: Deploying web application directory birtviewer
Nov 14, 2013 6:13:52 PM org.apache.catalina.startup.TaglibUriRule body
INFO: TLD skipped. URI: http://www.eclipse.org/birt/taglibs/birt.tld is already defined
Nov 14, 2013 6:13:55 PM org.apache.catalina.startup.HostConfig deployDirectory
INFO: Deploying web application directory konakart
Nov 14, 2013 6:13:57 PM org.apache.coyote.AbstractProtocol start
INFO: Starting ProtocolHandler ["http-bio-8780"]
Nov 14, 2013 6:13:58 PM org.apache.coyote.AbstractProtocol start
INFO: Starting ProtocolHandler ["http-nio-8783"]
Nov 14, 2013 6:13:58 PM org.apache.coyote.AbstractProtocol start
INFO: Starting ProtocolHandler ["ajp-bio-8789"]
Nov 14, 2013 6:13:58 PM org.apache.catalina.startup.Catalina start
INFO: Server startup in 20338 ms
