Dec 03, 2013 6:51:13 PM org.apache.catalina.startup.HostConfig checkResources
INFO: Reloading context [/konakart]
Dec 03, 2013 6:51:13 PM org.apache.catalina.loader.WebappClassLoader clearReferencesJdbc
SEVERE: The web application [/konakart] registered the JDBC driver [com.mysql.jdbc.Driver] but failed to unregister it when the web application was stopped. To prevent a memory leak, the JDBC Driver has been forcibly unregistered.
Dec 03, 2013 6:51:13 PM org.apache.catalina.loader.WebappClassLoader clearReferencesThreads
SEVERE: The web application [/konakart] appears to have started a thread named [Thread-8] but has failed to stop it. This is very likely to create a memory leak.
Dec 03, 2013 6:51:16 PM org.apache.catalina.startup.HostConfig deployWAR
INFO: Deploying web application archive solr.war
Dec 03, 2013 6:51:18 PM org.apache.catalina.startup.HostConfig deployDirectory
INFO: Deploying web application directory konakart-m
Dec 03, 2013 6:55:50 PM org.apache.catalina.core.StandardServer await
INFO: A valid shutdown command was received via the shutdown port. Stopping the Server instance.
Dec 03, 2013 6:55:50 PM org.apache.coyote.AbstractProtocol pause
INFO: Pausing ProtocolHandler ["http-bio-8780"]
Dec 03, 2013 6:55:51 PM org.apache.coyote.AbstractProtocol pause
INFO: Pausing ProtocolHandler ["http-nio-8783"]
Dec 03, 2013 6:55:52 PM org.apache.coyote.AbstractProtocol pause
INFO: Pausing ProtocolHandler ["ajp-bio-8789"]
Dec 03, 2013 6:55:53 PM org.apache.catalina.core.StandardService stopInternal
INFO: Stopping service Catalina
Dec 03, 2013 6:55:53 PM org.apache.catalina.loader.WebappClassLoader clearReferencesJdbc
SEVERE: The web application [/konakart-m] registered the JDBC driver [com.mysql.jdbc.Driver] but failed to unregister it when the web application was stopped. To prevent a memory leak, the JDBC Driver has been forcibly unregistered.
Dec 03, 2013 6:55:53 PM org.apache.catalina.loader.WebappClassLoader clearReferencesThreads
SEVERE: The web application [/konakart-m] appears to have started a thread named [Thread-20] but has failed to stop it. This is very likely to create a memory leak.
Dec 03, 2013 6:55:53 PM org.apache.catalina.loader.WebappClassLoader clearReferencesJdbc
SEVERE: The web application [/konakart] registered the JDBC driver [com.mysql.jdbc.Driver] but failed to unregister it when the web application was stopped. To prevent a memory leak, the JDBC Driver has been forcibly unregistered.
Dec 03, 2013 6:55:53 PM org.apache.catalina.loader.WebappClassLoader clearReferencesThreads
SEVERE: The web application [/konakart] appears to have started a thread named [Thread-15] but has failed to stop it. This is very likely to create a memory leak.
Dec 03, 2013 6:55:53 PM org.apache.catalina.loader.WebappClassLoader clearReferencesJdbc
SEVERE: The web application [/konakartadmin] registered the JDBC driver [com.mysql.jdbc.Driver] but failed to unregister it when the web application was stopped. To prevent a memory leak, the JDBC Driver has been forcibly unregistered.
Dec 03, 2013 6:55:53 PM org.apache.catalina.loader.WebappClassLoader clearReferencesThreads
SEVERE: The web application [/konakartadmin] appears to have started a thread named [Thread-12] but has failed to stop it. This is very likely to create a memory leak.
Dec 03, 2013 6:55:53 PM org.apache.coyote.AbstractProtocol stop
INFO: Stopping ProtocolHandler ["http-bio-8780"]
Dec 03, 2013 6:55:53 PM org.apache.coyote.AbstractProtocol stop
INFO: Stopping ProtocolHandler ["http-nio-8783"]
Dec 03, 2013 6:55:53 PM org.apache.coyote.AbstractProtocol stop
INFO: Stopping ProtocolHandler ["ajp-bio-8789"]
Dec 03, 2013 6:55:53 PM org.apache.coyote.AbstractProtocol destroy
INFO: Destroying ProtocolHandler ["http-bio-8780"]
Dec 03, 2013 6:55:53 PM org.apache.coyote.AbstractProtocol destroy
INFO: Destroying ProtocolHandler ["http-nio-8783"]
Dec 03, 2013 6:55:53 PM org.apache.coyote.AbstractProtocol destroy
INFO: Destroying ProtocolHandler ["ajp-bio-8789"]
Dec 03, 2013 6:56:07 PM org.apache.catalina.core.AprLifecycleListener init
INFO: The APR based Apache Tomcat Native library which allows optimal performance in production environments was not found on the java.library.path: /usr/java/packages/lib/amd64:/usr/lib64:/lib64:/lib:/usr/lib
Dec 03, 2013 6:56:07 PM org.apache.coyote.AbstractProtocol init
INFO: Initializing ProtocolHandler ["http-bio-8780"]
Dec 03, 2013 6:56:07 PM org.apache.coyote.AbstractProtocol init
INFO: Initializing ProtocolHandler ["http-nio-8783"]
Dec 03, 2013 6:56:07 PM org.apache.tomcat.util.net.NioSelectorPool getSharedSelector
INFO: Using a shared selector for servlet write/read
Dec 03, 2013 6:56:07 PM org.apache.coyote.AbstractProtocol init
INFO: Initializing ProtocolHandler ["ajp-bio-8789"]
Dec 03, 2013 6:56:07 PM org.apache.catalina.startup.Catalina load
INFO: Initialization processed in 1161 ms
Dec 03, 2013 6:56:07 PM org.apache.catalina.core.StandardService startInternal
INFO: Starting service Catalina
Dec 03, 2013 6:56:07 PM org.apache.catalina.core.StandardEngine startInternal
INFO: Starting Servlet Engine: Apache Tomcat/7.0.22
Dec 03, 2013 6:56:07 PM org.apache.catalina.startup.HostConfig deployWAR
INFO: Deploying web application archive solr.war
Dec 03, 2013 6:56:08 PM org.apache.catalina.startup.HostConfig deployDirectory
INFO: Deploying web application directory javadoc
Dec 03, 2013 6:56:08 PM org.apache.catalina.startup.HostConfig deployDirectory
INFO: Deploying web application directory konakartadmin
Dec 03, 2013 6:56:11 PM org.apache.catalina.startup.HostConfig deployDirectory
INFO: Deploying web application directory ROOT
Dec 03, 2013 6:56:11 PM org.apache.catalina.startup.HostConfig deployDirectory
INFO: Deploying web application directory birtviewer
Dec 03, 2013 6:56:11 PM org.apache.catalina.startup.TaglibUriRule body
INFO: TLD skipped. URI: http://www.eclipse.org/birt/taglibs/birt.tld is already defined
Dec 03, 2013 6:56:14 PM org.apache.catalina.startup.HostConfig deployDirectory
INFO: Deploying web application directory konakart-m
Dec 03, 2013 6:56:16 PM org.apache.catalina.startup.HostConfig deployDirectory
INFO: Deploying web application directory konakart
Dec 03, 2013 6:56:18 PM org.apache.coyote.AbstractProtocol start
INFO: Starting ProtocolHandler ["http-bio-8780"]
Dec 03, 2013 6:56:19 PM org.apache.coyote.AbstractProtocol start
INFO: Starting ProtocolHandler ["http-nio-8783"]
Dec 03, 2013 6:56:19 PM org.apache.coyote.AbstractProtocol start
INFO: Starting ProtocolHandler ["ajp-bio-8789"]
Dec 03, 2013 6:56:19 PM org.apache.catalina.startup.Catalina start
INFO: Server startup in 11169 ms
Dec 03, 2013 7:00:49 PM net.sf.ehcache.pool.sizeof.filter.AnnotationSizeOfFilter <clinit>
INFO: Using regular expression provided through VM argument net.sf.ehcache.pool.sizeof.ignore.pattern for IgnoreSizeOf annotation : ^.*cache\..*IgnoreSizeOf$
Dec 03, 2013 7:00:49 PM net.sf.ehcache.pool.sizeof.AgentLoader$1 run
INFO: Located valid 'tools.jar' at '/usr/lib/jvm/jdk1.7.0/jre/../lib/tools.jar'
Dec 03, 2013 7:00:49 PM net.sf.ehcache.pool.sizeof.JvmInformation <clinit>
INFO: Detected JVM data model settings of: 64-Bit HotSpot JVM with Compressed OOPs
Dec 03, 2013 7:00:49 PM net.sf.ehcache.pool.sizeof.AgentLoader getAgentFile
INFO: Extracted agent jar to temporary file /usr/local/konakart/temp/ehcache-sizeof-agent7127258352555332901.jar
Dec 03, 2013 7:00:49 PM net.sf.ehcache.pool.sizeof.AgentLoader loadAgent
INFO: Trying to load agent @ /usr/local/konakart/temp/ehcache-sizeof-agent7127258352555332901.jar
Dec 03, 2013 7:00:49 PM net.sf.ehcache.pool.impl.DefaultSizeOfEngine <init>
INFO: using Agent sizeof engine
Dec 3, 2013 7:12:57 PM org.apache.catalina.core.AprLifecycleListener init
INFO: The APR based Apache Tomcat Native library which allows optimal performance in production environments was not found on the java.library.path: /usr/lib/jvm/java-6-openjdk-amd64/jre/lib/amd64/server:/usr/lib/jvm/java-6-openjdk-amd64/jre/lib/amd64:/usr/lib/jvm/java-6-openjdk-amd64/jre/../lib/amd64:/usr/java/packages/lib/amd64:/usr/lib/x86_64-linux-gnu/jni:/lib/x86_64-linux-gnu:/usr/lib/x86_64-linux-gnu:/usr/lib/jni:/lib:/usr/lib
Dec 3, 2013 7:12:57 PM org.apache.coyote.AbstractProtocol init
INFO: Initializing ProtocolHandler ["http-bio-8780"]
Dec 3, 2013 7:12:57 PM org.apache.coyote.AbstractProtocol init
SEVERE: Failed to initialize end point associated with ProtocolHandler ["http-bio-8780"]
java.net.BindException: Address already in use <null>:8780
	at org.apache.tomcat.util.net.JIoEndpoint.bind(JIoEndpoint.java:386)
	at org.apache.tomcat.util.net.AbstractEndpoint.init(AbstractEndpoint.java:498)
	at org.apache.coyote.AbstractProtocol.init(AbstractProtocol.java:369)
	at org.apache.coyote.http11.AbstractHttp11JsseProtocol.init(AbstractHttp11JsseProtocol.java:119)
	at org.apache.catalina.connector.Connector.initInternal(Connector.java:909)
	at org.apache.catalina.util.LifecycleBase.init(LifecycleBase.java:102)
	at org.apache.catalina.core.StandardService.initInternal(StandardService.java:559)
	at org.apache.catalina.util.LifecycleBase.init(LifecycleBase.java:102)
	at org.apache.catalina.core.StandardServer.initInternal(StandardServer.java:781)
	at org.apache.catalina.util.LifecycleBase.init(LifecycleBase.java:102)
	at org.apache.catalina.startup.Catalina.load(Catalina.java:573)
	at org.apache.catalina.startup.Catalina.load(Catalina.java:596)
	at sun.reflect.NativeMethodAccessorImpl.invoke0(Native Method)
	at sun.reflect.NativeMethodAccessorImpl.invoke(NativeMethodAccessorImpl.java:57)
	at sun.reflect.DelegatingMethodAccessorImpl.invoke(DelegatingMethodAccessorImpl.java:43)
	at java.lang.reflect.Method.invoke(Method.java:622)
	at org.apache.catalina.startup.Bootstrap.load(Bootstrap.java:281)
	at org.apache.catalina.startup.Bootstrap.main(Bootstrap.java:449)
Caused by: java.net.BindException: Address already in use
	at java.net.PlainSocketImpl.socketBind(Native Method)
	at java.net.AbstractPlainSocketImpl.bind(AbstractPlainSocketImpl.java:353)
	at java.net.ServerSocket.bind(ServerSocket.java:336)
	at java.net.ServerSocket.<init>(ServerSocket.java:202)
	at java.net.ServerSocket.<init>(ServerSocket.java:158)
	at org.apache.tomcat.util.net.DefaultServerSocketFactory.createSocket(DefaultServerSocketFactory.java:48)
	at org.apache.tomcat.util.net.JIoEndpoint.bind(JIoEndpoint.java:373)
	... 17 more
Dec 3, 2013 7:12:57 PM org.apache.catalina.core.StandardService initInternal
SEVERE: Failed to initialize connector [Connector[HTTP/1.1-8780]]
org.apache.catalina.LifecycleException: Failed to initialize component [Connector[HTTP/1.1-8780]]
	at org.apache.catalina.util.LifecycleBase.init(LifecycleBase.java:106)
	at org.apache.catalina.core.StandardService.initInternal(StandardService.java:559)
	at org.apache.catalina.util.LifecycleBase.init(LifecycleBase.java:102)
	at org.apache.catalina.core.StandardServer.initInternal(StandardServer.java:781)
	at org.apache.catalina.util.LifecycleBase.init(LifecycleBase.java:102)
	at org.apache.catalina.startup.Catalina.load(Catalina.java:573)
	at org.apache.catalina.startup.Catalina.load(Catalina.java:596)
	at sun.reflect.NativeMethodAccessorImpl.invoke0(Native Method)
	at sun.reflect.NativeMethodAccessorImpl.invoke(NativeMethodAccessorImpl.java:57)
	at sun.reflect.DelegatingMethodAccessorImpl.invoke(DelegatingMethodAccessorImpl.java:43)
	at java.lang.reflect.Method.invoke(Method.java:622)
	at org.apache.catalina.startup.Bootstrap.load(Bootstrap.java:281)
	at org.apache.catalina.startup.Bootstrap.main(Bootstrap.java:449)
Caused by: org.apache.catalina.LifecycleException: Protocol handler initialization failed
	at org.apache.catalina.connector.Connector.initInternal(Connector.java:911)
	at org.apache.catalina.util.LifecycleBase.init(LifecycleBase.java:102)
	... 12 more
Caused by: java.net.BindException: Address already in use <null>:8780
	at org.apache.tomcat.util.net.JIoEndpoint.bind(JIoEndpoint.java:386)
	at org.apache.tomcat.util.net.AbstractEndpoint.init(AbstractEndpoint.java:498)
	at org.apache.coyote.AbstractProtocol.init(AbstractProtocol.java:369)
	at org.apache.coyote.http11.AbstractHttp11JsseProtocol.init(AbstractHttp11JsseProtocol.java:119)
	at org.apache.catalina.connector.Connector.initInternal(Connector.java:909)
	... 13 more
Caused by: java.net.BindException: Address already in use
	at java.net.PlainSocketImpl.socketBind(Native Method)
	at java.net.AbstractPlainSocketImpl.bind(AbstractPlainSocketImpl.java:353)
	at java.net.ServerSocket.bind(ServerSocket.java:336)
	at java.net.ServerSocket.<init>(ServerSocket.java:202)
	at java.net.ServerSocket.<init>(ServerSocket.java:158)
	at org.apache.tomcat.util.net.DefaultServerSocketFactory.createSocket(DefaultServerSocketFactory.java:48)
	at org.apache.tomcat.util.net.JIoEndpoint.bind(JIoEndpoint.java:373)
	... 17 more
Dec 3, 2013 7:12:57 PM org.apache.coyote.AbstractProtocol init
INFO: Initializing ProtocolHandler ["http-nio-8783"]
Dec 3, 2013 7:12:57 PM org.apache.coyote.AbstractProtocol init
SEVERE: Failed to initialize end point associated with ProtocolHandler ["http-nio-8783"]
java.net.BindException: Address already in use
	at sun.nio.ch.Net.bind0(Native Method)
	at sun.nio.ch.Net.bind(Net.java:174)
	at sun.nio.ch.ServerSocketChannelImpl.bind(ServerSocketChannelImpl.java:139)
	at sun.nio.ch.ServerSocketAdaptor.bind(ServerSocketAdaptor.java:77)
	at org.apache.tomcat.util.net.NioEndpoint.bind(NioEndpoint.java:464)
	at org.apache.tomcat.util.net.AbstractEndpoint.init(AbstractEndpoint.java:498)
	at org.apache.coyote.AbstractProtocol.init(AbstractProtocol.java:369)
	at org.apache.coyote.http11.AbstractHttp11JsseProtocol.init(AbstractHttp11JsseProtocol.java:119)
	at org.apache.catalina.connector.Connector.initInternal(Connector.java:909)
	at org.apache.catalina.util.LifecycleBase.init(LifecycleBase.java:102)
	at org.apache.catalina.core.StandardService.initInternal(StandardService.java:559)
	at org.apache.catalina.util.LifecycleBase.init(LifecycleBase.java:102)
	at org.apache.catalina.core.StandardServer.initInternal(StandardServer.java:781)
	at org.apache.catalina.util.LifecycleBase.init(LifecycleBase.java:102)
	at org.apache.catalina.startup.Catalina.load(Catalina.java:573)
	at org.apache.catalina.startup.Catalina.load(Catalina.java:596)
	at sun.reflect.NativeMethodAccessorImpl.invoke0(Native Method)
	at sun.reflect.NativeMethodAccessorImpl.invoke(NativeMethodAccessorImpl.java:57)
	at sun.reflect.DelegatingMethodAccessorImpl.invoke(DelegatingMethodAccessorImpl.java:43)
	at java.lang.reflect.Method.invoke(Method.java:622)
	at org.apache.catalina.startup.Bootstrap.load(Bootstrap.java:281)
	at org.apache.catalina.startup.Bootstrap.main(Bootstrap.java:449)
Dec 3, 2013 7:12:57 PM org.apache.catalina.core.StandardService initInternal
SEVERE: Failed to initialize connector [Connector[org.apache.coyote.http11.Http11NioProtocol-8783]]
org.apache.catalina.LifecycleException: Failed to initialize component [Connector[org.apache.coyote.http11.Http11NioProtocol-8783]]
	at org.apache.catalina.util.LifecycleBase.init(LifecycleBase.java:106)
	at org.apache.catalina.core.StandardService.initInternal(StandardService.java:559)
	at org.apache.catalina.util.LifecycleBase.init(LifecycleBase.java:102)
	at org.apache.catalina.core.StandardServer.initInternal(StandardServer.java:781)
	at org.apache.catalina.util.LifecycleBase.init(LifecycleBase.java:102)
	at org.apache.catalina.startup.Catalina.load(Catalina.java:573)
	at org.apache.catalina.startup.Catalina.load(Catalina.java:596)
	at sun.reflect.NativeMethodAccessorImpl.invoke0(Native Method)
	at sun.reflect.NativeMethodAccessorImpl.invoke(NativeMethodAccessorImpl.java:57)
	at sun.reflect.DelegatingMethodAccessorImpl.invoke(DelegatingMethodAccessorImpl.java:43)
	at java.lang.reflect.Method.invoke(Method.java:622)
	at org.apache.catalina.startup.Bootstrap.load(Bootstrap.java:281)
	at org.apache.catalina.startup.Bootstrap.main(Bootstrap.java:449)
Caused by: org.apache.catalina.LifecycleException: Protocol handler initialization failed
	at org.apache.catalina.connector.Connector.initInternal(Connector.java:911)
	at org.apache.catalina.util.LifecycleBase.init(LifecycleBase.java:102)
	... 12 more
Caused by: java.net.BindException: Address already in use
	at sun.nio.ch.Net.bind0(Native Method)
	at sun.nio.ch.Net.bind(Net.java:174)
	at sun.nio.ch.ServerSocketChannelImpl.bind(ServerSocketChannelImpl.java:139)
	at sun.nio.ch.ServerSocketAdaptor.bind(ServerSocketAdaptor.java:77)
	at org.apache.tomcat.util.net.NioEndpoint.bind(NioEndpoint.java:464)
	at org.apache.tomcat.util.net.AbstractEndpoint.init(AbstractEndpoint.java:498)
	at org.apache.coyote.AbstractProtocol.init(AbstractProtocol.java:369)
	at org.apache.coyote.http11.AbstractHttp11JsseProtocol.init(AbstractHttp11JsseProtocol.java:119)
	at org.apache.catalina.connector.Connector.initInternal(Connector.java:909)
	... 13 more
Dec 3, 2013 7:12:57 PM org.apache.coyote.AbstractProtocol init
INFO: Initializing ProtocolHandler ["ajp-bio-8789"]
Dec 3, 2013 7:12:57 PM org.apache.coyote.AbstractProtocol init
SEVERE: Failed to initialize end point associated with ProtocolHandler ["ajp-bio-8789"]
java.net.BindException: Address already in use <null>:8789
	at org.apache.tomcat.util.net.JIoEndpoint.bind(JIoEndpoint.java:386)
	at org.apache.tomcat.util.net.AbstractEndpoint.init(AbstractEndpoint.java:498)
	at org.apache.coyote.AbstractProtocol.init(AbstractProtocol.java:369)
	at org.apache.catalina.connector.Connector.initInternal(Connector.java:909)
	at org.apache.catalina.util.LifecycleBase.init(LifecycleBase.java:102)
	at org.apache.catalina.core.StandardService.initInternal(StandardService.java:559)
	at org.apache.catalina.util.LifecycleBase.init(LifecycleBase.java:102)
	at org.apache.catalina.core.StandardServer.initInternal(StandardServer.java:781)
	at org.apache.catalina.util.LifecycleBase.init(LifecycleBase.java:102)
	at org.apache.catalina.startup.Catalina.load(Catalina.java:573)
	at org.apache.catalina.startup.Catalina.load(Catalina.java:596)
	at sun.reflect.NativeMethodAccessorImpl.invoke0(Native Method)
	at sun.reflect.NativeMethodAccessorImpl.invoke(NativeMethodAccessorImpl.java:57)
	at sun.reflect.DelegatingMethodAccessorImpl.invoke(DelegatingMethodAccessorImpl.java:43)
	at java.lang.reflect.Method.invoke(Method.java:622)
	at org.apache.catalina.startup.Bootstrap.load(Bootstrap.java:281)
	at org.apache.catalina.startup.Bootstrap.main(Bootstrap.java:449)
Caused by: java.net.BindException: Address already in use
	at java.net.PlainSocketImpl.socketBind(Native Method)
	at java.net.AbstractPlainSocketImpl.bind(AbstractPlainSocketImpl.java:353)
	at java.net.ServerSocket.bind(ServerSocket.java:336)
	at java.net.ServerSocket.<init>(ServerSocket.java:202)
	at java.net.ServerSocket.<init>(ServerSocket.java:158)
	at org.apache.tomcat.util.net.DefaultServerSocketFactory.createSocket(DefaultServerSocketFactory.java:48)
	at org.apache.tomcat.util.net.JIoEndpoint.bind(JIoEndpoint.java:373)
	... 16 more
Dec 3, 2013 7:12:57 PM org.apache.catalina.core.StandardService initInternal
SEVERE: Failed to initialize connector [Connector[AJP/1.3-8789]]
org.apache.catalina.LifecycleException: Failed to initialize component [Connector[AJP/1.3-8789]]
	at org.apache.catalina.util.LifecycleBase.init(LifecycleBase.java:106)
	at org.apache.catalina.core.StandardService.initInternal(StandardService.java:559)
	at org.apache.catalina.util.LifecycleBase.init(LifecycleBase.java:102)
	at org.apache.catalina.core.StandardServer.initInternal(StandardServer.java:781)
	at org.apache.catalina.util.LifecycleBase.init(LifecycleBase.java:102)
	at org.apache.catalina.startup.Catalina.load(Catalina.java:573)
	at org.apache.catalina.startup.Catalina.load(Catalina.java:596)
	at sun.reflect.NativeMethodAccessorImpl.invoke0(Native Method)
	at sun.reflect.NativeMethodAccessorImpl.invoke(NativeMethodAccessorImpl.java:57)
	at sun.reflect.DelegatingMethodAccessorImpl.invoke(DelegatingMethodAccessorImpl.java:43)
	at java.lang.reflect.Method.invoke(Method.java:622)
	at org.apache.catalina.startup.Bootstrap.load(Bootstrap.java:281)
	at org.apache.catalina.startup.Bootstrap.main(Bootstrap.java:449)
Caused by: org.apache.catalina.LifecycleException: Protocol handler initialization failed
	at org.apache.catalina.connector.Connector.initInternal(Connector.java:911)
	at org.apache.catalina.util.LifecycleBase.init(LifecycleBase.java:102)
	... 12 more
Caused by: java.net.BindException: Address already in use <null>:8789
	at org.apache.tomcat.util.net.JIoEndpoint.bind(JIoEndpoint.java:386)
	at org.apache.tomcat.util.net.AbstractEndpoint.init(AbstractEndpoint.java:498)
	at org.apache.coyote.AbstractProtocol.init(AbstractProtocol.java:369)
	at org.apache.catalina.connector.Connector.initInternal(Connector.java:909)
	... 13 more
Caused by: java.net.BindException: Address already in use
	at java.net.PlainSocketImpl.socketBind(Native Method)
	at java.net.AbstractPlainSocketImpl.bind(AbstractPlainSocketImpl.java:353)
	at java.net.ServerSocket.bind(ServerSocket.java:336)
	at java.net.ServerSocket.<init>(ServerSocket.java:202)
	at java.net.ServerSocket.<init>(ServerSocket.java:158)
	at org.apache.tomcat.util.net.DefaultServerSocketFactory.createSocket(DefaultServerSocketFactory.java:48)
	at org.apache.tomcat.util.net.JIoEndpoint.bind(JIoEndpoint.java:373)
	... 16 more
Dec 3, 2013 7:12:57 PM org.apache.catalina.startup.Catalina load
INFO: Initialization processed in 843 ms
Dec 3, 2013 7:12:57 PM org.apache.catalina.core.StandardService startInternal
INFO: Starting service Catalina
Dec 3, 2013 7:12:57 PM org.apache.catalina.core.StandardEngine startInternal
INFO: Starting Servlet Engine: Apache Tomcat/7.0.22
Dec 3, 2013 7:12:57 PM org.apache.catalina.startup.HostConfig deployWAR
INFO: Deploying web application archive solr.war
Dec 03, 2013 7:13:02 PM org.apache.catalina.core.StandardServer await
INFO: A valid shutdown command was received via the shutdown port. Stopping the Server instance.
Dec 03, 2013 7:13:02 PM org.apache.coyote.AbstractProtocol pause
INFO: Pausing ProtocolHandler ["http-bio-8780"]
Dec 03, 2013 7:13:03 PM org.apache.coyote.AbstractProtocol pause
INFO: Pausing ProtocolHandler ["http-nio-8783"]
Dec 03, 2013 7:13:04 PM org.apache.tomcat.util.net.NioEndpoint$Acceptor run
SEVERE: 
java.lang.OutOfMemoryError: PermGen space

Dec 03, 2013 7:13:05 PM org.apache.coyote.AbstractProtocol pause
INFO: Pausing ProtocolHandler ["ajp-bio-8789"]
Dec 03, 2013 7:13:06 PM org.apache.catalina.core.StandardService stopInternal
INFO: Stopping service Catalina
Dec 3, 2013 7:13:12 PM org.apache.catalina.util.SessionIdGenerator createSecureRandom
INFO: Creation of SecureRandom instance for session ID generation using [SHA1PRNG] took [14,677] milliseconds.
Dec 3, 2013 7:13:13 PM org.apache.catalina.startup.HostConfig deployDirectory
INFO: Deploying web application directory javadoc
Dec 3, 2013 7:13:13 PM org.apache.catalina.startup.HostConfig deployDirectory
INFO: Deploying web application directory konakartadmin
Dec 3, 2013 7:13:15 PM org.apache.catalina.startup.HostConfig deployDirectory
INFO: Deploying web application directory ROOT
Dec 3, 2013 7:13:15 PM org.apache.catalina.startup.HostConfig deployDirectory
INFO: Deploying web application directory birtviewer
Dec 3, 2013 7:13:15 PM org.apache.catalina.startup.TaglibUriRule body
INFO: TLD skipped. URI: http://www.eclipse.org/birt/taglibs/birt.tld is already defined
Dec 3, 2013 7:13:18 PM org.apache.catalina.startup.HostConfig deployDirectory
INFO: Deploying web application directory konakart-m
Dec 3, 2013 7:13:20 PM org.apache.catalina.startup.HostConfig deployDirectory
INFO: Deploying web application directory konakart
Dec 3, 2013 7:13:22 PM org.apache.catalina.startup.Catalina start
INFO: Server startup in 25094 ms
Dec 3, 2013 7:13:22 PM net.sf.ehcache.pool.sizeof.filter.AnnotationSizeOfFilter <clinit>
INFO: Using regular expression provided through VM argument net.sf.ehcache.pool.sizeof.ignore.pattern for IgnoreSizeOf annotation : ^.*cache\..*IgnoreSizeOf$
Dec 3, 2013 7:13:22 PM net.sf.ehcache.pool.sizeof.AgentLoader <clinit>
INFO: Unavailable or unrecognised attach API : java.lang.ClassNotFoundException: com.sun.tools.attach.VirtualMachine
Dec 3, 2013 7:13:22 PM net.sf.ehcache.pool.sizeof.JvmInformation <clinit>
INFO: Detected JVM data model settings of: Unrecognized 64-Bit JVM
Dec 3, 2013 7:13:22 PM net.sf.ehcache.pool.impl.DefaultSizeOfEngine <init>
INFO: using Unsafe sizeof engine
Dec 3, 2013 7:14:00 PM org.apache.catalina.core.StandardServer await
INFO: A valid shutdown command was received via the shutdown port. Stopping the Server instance.
Dec 3, 2013 7:14:00 PM org.apache.coyote.AbstractProtocol pause
INFO: Pausing ProtocolHandler ["http-bio-8780"]
Dec 3, 2013 7:14:00 PM org.apache.coyote.AbstractProtocol pause
INFO: Pausing ProtocolHandler ["http-nio-8783"]
Dec 3, 2013 7:14:00 PM org.apache.coyote.AbstractProtocol pause
INFO: Pausing ProtocolHandler ["ajp-bio-8789"]
Dec 3, 2013 7:14:00 PM org.apache.catalina.core.StandardService stopInternal
INFO: Stopping service Catalina
Dec 3, 2013 7:14:00 PM org.apache.catalina.loader.WebappClassLoader clearReferencesThreads
SEVERE: The web application [/birtviewer] appears to have started a thread named [Abandoned connection cleanup thread] but has failed to stop it. This is very likely to create a memory leak.
Dec 3, 2013 7:14:00 PM org.apache.catalina.loader.WebappClassLoader clearReferencesJdbc
SEVERE: The web application [/konakart-m] registered the JDBC driver [com.mysql.jdbc.Driver] but failed to unregister it when the web application was stopped. To prevent a memory leak, the JDBC Driver has been forcibly unregistered.
Dec 3, 2013 7:14:00 PM org.apache.catalina.loader.WebappClassLoader clearReferencesThreads
SEVERE: The web application [/konakart-m] appears to have started a thread named [Thread-8] but has failed to stop it. This is very likely to create a memory leak.
Dec 3, 2013 7:14:00 PM org.apache.catalina.loader.WebappClassLoader clearReferencesJdbc
SEVERE: The web application [/konakart] registered the JDBC driver [com.mysql.jdbc.Driver] but failed to unregister it when the web application was stopped. To prevent a memory leak, the JDBC Driver has been forcibly unregistered.
Dec 3, 2013 7:14:00 PM org.apache.catalina.loader.WebappClassLoader clearReferencesThreads
SEVERE: The web application [/konakart] appears to have started a thread named [Thread-12] but has failed to stop it. This is very likely to create a memory leak.
Dec 3, 2013 7:14:00 PM org.apache.catalina.loader.WebappClassLoader clearReferencesThreads
SEVERE: The web application [/konakart] appears to have started a thread named [KonaKart-Ehcache] but has failed to stop it. This is very likely to create a memory leak.
Dec 3, 2013 7:14:00 PM org.apache.catalina.loader.WebappClassLoader clearReferencesThreads
SEVERE: The web application [/konakart] appears to have started a thread named [Statistics Thread-KonaKart-Ehcache-1] but has failed to stop it. This is very likely to create a memory leak.
Dec 3, 2013 7:14:00 PM org.apache.coyote.AbstractProtocol destroy
INFO: Destroying ProtocolHandler ["http-bio-8780"]
Dec 3, 2013 7:14:00 PM org.apache.coyote.AbstractProtocol destroy
INFO: Destroying ProtocolHandler ["http-nio-8783"]
Dec 3, 2013 7:14:00 PM org.apache.coyote.AbstractProtocol destroy
INFO: Destroying ProtocolHandler ["ajp-bio-8789"]
Dec 3, 2013 7:14:04 PM org.apache.catalina.core.AprLifecycleListener init
INFO: The APR based Apache Tomcat Native library which allows optimal performance in production environments was not found on the java.library.path: /usr/lib/jvm/java-6-openjdk-amd64/jre/lib/amd64/server:/usr/lib/jvm/java-6-openjdk-amd64/jre/lib/amd64:/usr/lib/jvm/java-6-openjdk-amd64/jre/../lib/amd64:/usr/java/packages/lib/amd64:/usr/lib/x86_64-linux-gnu/jni:/lib/x86_64-linux-gnu:/usr/lib/x86_64-linux-gnu:/usr/lib/jni:/lib:/usr/lib
Dec 3, 2013 7:14:04 PM org.apache.coyote.AbstractProtocol init
INFO: Initializing ProtocolHandler ["http-bio-8780"]
Dec 3, 2013 7:14:04 PM org.apache.coyote.AbstractProtocol init
INFO: Initializing ProtocolHandler ["http-nio-8783"]
Dec 3, 2013 7:14:05 PM org.apache.tomcat.util.net.NioSelectorPool getSharedSelector
INFO: Using a shared selector for servlet write/read
Dec 3, 2013 7:14:05 PM org.apache.coyote.AbstractProtocol init
INFO: Initializing ProtocolHandler ["ajp-bio-8789"]
Dec 3, 2013 7:14:05 PM org.apache.catalina.startup.Catalina load
INFO: Initialization processed in 801 ms
Dec 3, 2013 7:14:05 PM org.apache.catalina.core.StandardService startInternal
INFO: Starting service Catalina
Dec 3, 2013 7:14:05 PM org.apache.catalina.core.StandardEngine startInternal
INFO: Starting Servlet Engine: Apache Tomcat/7.0.22
Dec 3, 2013 7:14:05 PM org.apache.catalina.startup.HostConfig deployWAR
INFO: Deploying web application archive solr.war
Dec 3, 2013 7:14:05 PM org.apache.catalina.startup.HostConfig deployDirectory
INFO: Deploying web application directory javadoc
Dec 3, 2013 7:14:05 PM org.apache.catalina.startup.HostConfig deployDirectory
INFO: Deploying web application directory konakartadmin
Dec 3, 2013 7:14:07 PM org.apache.catalina.startup.HostConfig deployDirectory
INFO: Deploying web application directory ROOT
Dec 3, 2013 7:14:07 PM org.apache.catalina.startup.HostConfig deployDirectory
INFO: Deploying web application directory birtviewer
Dec 3, 2013 7:14:08 PM org.apache.catalina.startup.TaglibUriRule body
INFO: TLD skipped. URI: http://www.eclipse.org/birt/taglibs/birt.tld is already defined
Dec 3, 2013 7:14:10 PM org.apache.catalina.startup.HostConfig deployDirectory
INFO: Deploying web application directory konakart-m
Dec 3, 2013 7:14:12 PM org.apache.catalina.startup.HostConfig deployDirectory
INFO: Deploying web application directory konakart
Dec 3, 2013 7:14:14 PM org.apache.coyote.AbstractProtocol start
INFO: Starting ProtocolHandler ["http-bio-8780"]
Dec 3, 2013 7:14:14 PM org.apache.coyote.AbstractProtocol start
INFO: Starting ProtocolHandler ["http-nio-8783"]
Dec 3, 2013 7:14:14 PM org.apache.coyote.AbstractProtocol start
INFO: Starting ProtocolHandler ["ajp-bio-8789"]
Dec 3, 2013 7:14:14 PM org.apache.catalina.startup.Catalina start
INFO: Server startup in 9731 ms
Dec 3, 2013 7:14:15 PM net.sf.ehcache.pool.sizeof.filter.AnnotationSizeOfFilter <clinit>
INFO: Using regular expression provided through VM argument net.sf.ehcache.pool.sizeof.ignore.pattern for IgnoreSizeOf annotation : ^.*cache\..*IgnoreSizeOf$
Dec 3, 2013 7:14:15 PM net.sf.ehcache.pool.sizeof.AgentLoader <clinit>
INFO: Unavailable or unrecognised attach API : java.lang.ClassNotFoundException: com.sun.tools.attach.VirtualMachine
Dec 3, 2013 7:14:15 PM net.sf.ehcache.pool.sizeof.JvmInformation <clinit>
INFO: Detected JVM data model settings of: Unrecognized 64-Bit JVM
Dec 3, 2013 7:14:15 PM net.sf.ehcache.pool.impl.DefaultSizeOfEngine <init>
INFO: using Unsafe sizeof engine
Dec 3, 2013 7:20:28 PM org.apache.catalina.core.StandardServer await
INFO: A valid shutdown command was received via the shutdown port. Stopping the Server instance.
Dec 3, 2013 7:20:28 PM org.apache.coyote.AbstractProtocol pause
INFO: Pausing ProtocolHandler ["http-bio-8780"]
Dec 3, 2013 7:20:29 PM org.apache.coyote.AbstractProtocol pause
INFO: Pausing ProtocolHandler ["http-nio-8783"]
Dec 3, 2013 7:20:30 PM org.apache.coyote.AbstractProtocol pause
INFO: Pausing ProtocolHandler ["ajp-bio-8789"]
Dec 3, 2013 7:20:31 PM org.apache.catalina.core.StandardService stopInternal
INFO: Stopping service Catalina
Dec 3, 2013 7:20:31 PM org.apache.catalina.loader.WebappClassLoader clearReferencesThreads
SEVERE: The web application [/birtviewer] appears to have started a thread named [Abandoned connection cleanup thread] but has failed to stop it. This is very likely to create a memory leak.
Dec 3, 2013 7:20:31 PM org.apache.catalina.loader.WebappClassLoader clearReferencesJdbc
SEVERE: The web application [/konakart-m] registered the JDBC driver [com.mysql.jdbc.Driver] but failed to unregister it when the web application was stopped. To prevent a memory leak, the JDBC Driver has been forcibly unregistered.
Dec 3, 2013 7:20:31 PM org.apache.catalina.loader.WebappClassLoader clearReferencesThreads
SEVERE: The web application [/konakart-m] appears to have started a thread named [Thread-9] but has failed to stop it. This is very likely to create a memory leak.
Dec 3, 2013 7:20:31 PM org.apache.catalina.loader.WebappClassLoader clearReferencesJdbc
SEVERE: The web application [/konakart] registered the JDBC driver [com.mysql.jdbc.Driver] but failed to unregister it when the web application was stopped. To prevent a memory leak, the JDBC Driver has been forcibly unregistered.
Dec 3, 2013 7:20:31 PM org.apache.catalina.loader.WebappClassLoader clearReferencesThreads
SEVERE: The web application [/konakart] appears to have started a thread named [Thread-13] but has failed to stop it. This is very likely to create a memory leak.
Dec 3, 2013 7:20:31 PM org.apache.catalina.loader.WebappClassLoader clearReferencesThreads
SEVERE: The web application [/konakart] appears to have started a thread named [KonaKart-Ehcache] but has failed to stop it. This is very likely to create a memory leak.
Dec 3, 2013 7:20:31 PM org.apache.catalina.loader.WebappClassLoader clearReferencesThreads
SEVERE: The web application [/konakart] appears to have started a thread named [Statistics Thread-KonaKart-Ehcache-1] but has failed to stop it. This is very likely to create a memory leak.
Dec 3, 2013 7:20:31 PM org.apache.catalina.loader.WebappClassLoader clearReferencesThreads
SEVERE: The web application [/konakart] appears to have started a thread named [Statistics Thread-KonaKart-Ehcache-2] but has failed to stop it. This is very likely to create a memory leak.
Dec 3, 2013 7:20:31 PM org.apache.catalina.loader.WebappClassLoader clearReferencesJdbc
SEVERE: The web application [/konakartadmin] registered the JDBC driver [com.mysql.jdbc.Driver] but failed to unregister it when the web application was stopped. To prevent a memory leak, the JDBC Driver has been forcibly unregistered.
Dec 3, 2013 7:20:31 PM org.apache.catalina.loader.WebappClassLoader clearReferencesThreads
SEVERE: The web application [/konakartadmin] appears to have started a thread named [Thread-19] but has failed to stop it. This is very likely to create a memory leak.
Dec 3, 2013 7:20:31 PM org.apache.coyote.AbstractProtocol stop
INFO: Stopping ProtocolHandler ["http-bio-8780"]
Dec 3, 2013 7:20:31 PM org.apache.coyote.AbstractProtocol stop
INFO: Stopping ProtocolHandler ["http-nio-8783"]
Dec 3, 2013 7:20:31 PM org.apache.coyote.AbstractProtocol stop
INFO: Stopping ProtocolHandler ["ajp-bio-8789"]
Dec 3, 2013 7:20:31 PM org.apache.coyote.AbstractProtocol destroy
INFO: Destroying ProtocolHandler ["http-bio-8780"]
Dec 3, 2013 7:20:31 PM org.apache.coyote.AbstractProtocol destroy
INFO: Destroying ProtocolHandler ["http-nio-8783"]
Dec 3, 2013 7:20:31 PM org.apache.coyote.AbstractProtocol destroy
INFO: Destroying ProtocolHandler ["ajp-bio-8789"]
Dec 3, 2013 7:21:51 PM org.apache.catalina.core.AprLifecycleListener init
INFO: The APR based Apache Tomcat Native library which allows optimal performance in production environments was not found on the java.library.path: /usr/lib/jvm/java-6-openjdk-amd64/jre/lib/amd64/server:/usr/lib/jvm/java-6-openjdk-amd64/jre/lib/amd64:/usr/lib/jvm/java-6-openjdk-amd64/jre/../lib/amd64:/usr/java/packages/lib/amd64:/usr/lib/x86_64-linux-gnu/jni:/lib/x86_64-linux-gnu:/usr/lib/x86_64-linux-gnu:/usr/lib/jni:/lib:/usr/lib
Dec 3, 2013 7:21:51 PM org.apache.coyote.AbstractProtocol init
INFO: Initializing ProtocolHandler ["http-bio-8780"]
Dec 3, 2013 7:21:51 PM org.apache.coyote.AbstractProtocol init
INFO: Initializing ProtocolHandler ["http-nio-8783"]
Dec 3, 2013 7:21:51 PM org.apache.tomcat.util.net.NioSelectorPool getSharedSelector
INFO: Using a shared selector for servlet write/read
Dec 3, 2013 7:21:51 PM org.apache.coyote.AbstractProtocol init
INFO: Initializing ProtocolHandler ["ajp-bio-8789"]
Dec 3, 2013 7:21:51 PM org.apache.catalina.startup.Catalina load
INFO: Initialization processed in 826 ms
Dec 3, 2013 7:21:51 PM org.apache.catalina.core.StandardService startInternal
INFO: Starting service Catalina
Dec 3, 2013 7:21:51 PM org.apache.catalina.core.StandardEngine startInternal
INFO: Starting Servlet Engine: Apache Tomcat/7.0.22
Dec 3, 2013 7:21:51 PM org.apache.catalina.startup.HostConfig deployWAR
INFO: Deploying web application archive solr.war
Dec 3, 2013 7:22:12 PM org.apache.catalina.util.SessionIdGenerator createSecureRandom
INFO: Creation of SecureRandom instance for session ID generation using [SHA1PRNG] took [20,496] milliseconds.
Dec 3, 2013 7:22:14 PM org.apache.catalina.startup.HostConfig deployWAR
INFO: Deploying web application archive solr-4.6.0.war
Dec 3, 2013 7:22:14 PM org.apache.catalina.core.StandardContext startInternal
SEVERE: Error filterStart
Dec 3, 2013 7:22:14 PM org.apache.catalina.core.StandardContext startInternal
SEVERE: Context [/solr-4.6.0] startup failed due to previous errors
Dec 3, 2013 7:22:14 PM org.apache.catalina.startup.HostConfig deployDirectory
INFO: Deploying web application directory javadoc
Dec 3, 2013 7:22:14 PM org.apache.catalina.startup.HostConfig deployDirectory
INFO: Deploying web application directory konakartadmin
Dec 3, 2013 7:22:16 PM org.apache.catalina.startup.HostConfig deployDirectory
INFO: Deploying web application directory ROOT
Dec 3, 2013 7:22:16 PM org.apache.catalina.startup.HostConfig deployDirectory
INFO: Deploying web application directory birtviewer
Dec 3, 2013 7:22:16 PM org.apache.catalina.startup.TaglibUriRule body
INFO: TLD skipped. URI: http://www.eclipse.org/birt/taglibs/birt.tld is already defined
Dec 3, 2013 7:22:19 PM org.apache.catalina.startup.HostConfig deployDirectory
INFO: Deploying web application directory konakart-m
Dec 3, 2013 7:22:21 PM org.apache.catalina.startup.HostConfig deployDirectory
INFO: Deploying web application directory konakart
Dec 3, 2013 7:22:24 PM org.apache.coyote.AbstractProtocol start
INFO: Starting ProtocolHandler ["http-bio-8780"]
Dec 3, 2013 7:22:24 PM org.apache.coyote.AbstractProtocol start
INFO: Starting ProtocolHandler ["http-nio-8783"]
Dec 3, 2013 7:22:24 PM org.apache.coyote.AbstractProtocol start
INFO: Starting ProtocolHandler ["ajp-bio-8789"]
Dec 3, 2013 7:22:24 PM org.apache.catalina.startup.Catalina start
INFO: Server startup in 32682 ms
Dec 3, 2013 7:22:24 PM net.sf.ehcache.pool.sizeof.filter.AnnotationSizeOfFilter <clinit>
INFO: Using regular expression provided through VM argument net.sf.ehcache.pool.sizeof.ignore.pattern for IgnoreSizeOf annotation : ^.*cache\..*IgnoreSizeOf$
Dec 3, 2013 7:22:24 PM net.sf.ehcache.pool.sizeof.AgentLoader <clinit>
INFO: Unavailable or unrecognised attach API : java.lang.ClassNotFoundException: com.sun.tools.attach.VirtualMachine
Dec 3, 2013 7:22:24 PM net.sf.ehcache.pool.sizeof.JvmInformation <clinit>
INFO: Detected JVM data model settings of: Unrecognized 64-Bit JVM
Dec 3, 2013 7:22:24 PM net.sf.ehcache.pool.impl.DefaultSizeOfEngine <init>
INFO: using Unsafe sizeof engine
