`/usr/local/konakart/webapps/konakart/WEB-INF/lib/mysql-connector-java-5.1.23-bin.jar' -> `/usr/local/konakart/webapps/konakartadmin/WEB-INF/lib/mysql-connector-java-5.1.23-bin.jar'
`/usr/local/konakart/webapps/konakart/WEB-INF/lib/postgresql-9.1-901.jdbc4.jar' -> `/usr/local/konakart/webapps/konakartadmin/WEB-INF/lib/postgresql-9.1-901.jdbc4.jar'
`/usr/local/konakart/webapps/konakart/WEB-INF/lib/ojdbc14.jar' -> `/usr/local/konakart/webapps/konakartadmin/WEB-INF/lib/ojdbc14.jar'
`/usr/local/konakart/webapps/konakart/WEB-INF/lib/db2jcc.jar' -> `/usr/local/konakart/webapps/konakartadmin/WEB-INF/lib/db2jcc.jar'
`/usr/local/konakart/webapps/konakart/WEB-INF/lib/db2jcc_license_cu.jar' -> `/usr/local/konakart/webapps/konakartadmin/WEB-INF/lib/db2jcc_license_cu.jar'
`/usr/local/konakart/webapps/konakart/WEB-INF/lib/jtds-1.2.5.jar' -> `/usr/local/konakart/webapps/konakartadmin/WEB-INF/lib/jtds-1.2.5.jar'
`/usr/local/konakart/webapps/konakart/WEB-INF/lib/activation.jar' -> `/usr/local/konakart/webapps/konakartadmin/WEB-INF/lib/activation.jar'
`/usr/local/konakart/webapps/konakart/WEB-INF/lib/antlr-2.7.5.jar' -> `/usr/local/konakart/webapps/konakartadmin/WEB-INF/lib/antlr-2.7.5.jar'
`/usr/local/konakart/webapps/konakart/WEB-INF/lib/avalon-framework-api-4.3.jar' -> `/usr/local/konakart/webapps/konakartadmin/WEB-INF/lib/avalon-framework-api-4.3.jar'
`/usr/local/konakart/webapps/konakart/WEB-INF/lib/avalon-logkit-2.1.jar' -> `/usr/local/konakart/webapps/konakartadmin/WEB-INF/lib/avalon-logkit-2.1.jar'
`/usr/local/konakart/webapps/konakart/WEB-INF/lib/axis.jar' -> `/usr/local/konakart/webapps/konakartadmin/WEB-INF/lib/axis.jar'
`/usr/local/konakart/webapps/konakart/WEB-INF/lib/commons-beanutils-1.8.0.jar' -> `/usr/local/konakart/webapps/konakartadmin/WEB-INF/lib/commons-beanutils-1.8.0.jar'
`/usr/local/konakart/webapps/konakart/WEB-INF/lib/commons-collections-3.2.jar' -> `/usr/local/konakart/webapps/konakartadmin/WEB-INF/lib/commons-collections-3.2.jar'
`/usr/local/konakart/webapps/konakart/WEB-INF/lib/commons-configuration-1.7.jar' -> `/usr/local/konakart/webapps/konakartadmin/WEB-INF/lib/commons-configuration-1.7.jar'
`/usr/local/konakart/webapps/konakart/WEB-INF/lib/commons-dbcp-1.4.jar' -> `/usr/local/konakart/webapps/konakartadmin/WEB-INF/lib/commons-dbcp-1.4.jar'
`/usr/local/konakart/webapps/konakart/WEB-INF/lib/commons-digester-2.0.jar' -> `/usr/local/konakart/webapps/konakartadmin/WEB-INF/lib/commons-digester-2.0.jar'
`/usr/local/konakart/webapps/konakart/WEB-INF/lib/commons-discovery-0.2.jar' -> `/usr/local/konakart/webapps/konakartadmin/WEB-INF/lib/commons-discovery-0.2.jar'
`/usr/local/konakart/webapps/konakart/WEB-INF/lib/commons-fileupload-1.2.2.jar' -> `/usr/local/konakart/webapps/konakartadmin/WEB-INF/lib/commons-fileupload-1.2.2.jar'
`/usr/local/konakart/webapps/konakart/WEB-INF/lib/commons-io-2.0.1.jar' -> `/usr/local/konakart/webapps/konakartadmin/WEB-INF/lib/commons-io-2.0.1.jar'
`/usr/local/konakart/webapps/konakart/WEB-INF/lib/commons-lang-2.4.jar' -> `/usr/local/konakart/webapps/konakartadmin/WEB-INF/lib/commons-lang-2.4.jar'
`/usr/local/konakart/webapps/konakart/WEB-INF/lib/commons-lang3-3.1.jar' -> `/usr/local/konakart/webapps/konakartadmin/WEB-INF/lib/commons-lang3-3.1.jar'
`/usr/local/konakart/webapps/konakart/WEB-INF/lib/commons-logging-1.1.1.jar' -> `/usr/local/konakart/webapps/konakartadmin/WEB-INF/lib/commons-logging-1.1.1.jar'
`/usr/local/konakart/webapps/konakart/WEB-INF/lib/commons-pool-1.3.jar' -> `/usr/local/konakart/webapps/konakartadmin/WEB-INF/lib/commons-pool-1.3.jar'
`/usr/local/konakart/webapps/konakart/WEB-INF/lib/commons-validator-1.3.1.jar' -> `/usr/local/konakart/webapps/konakartadmin/WEB-INF/lib/commons-validator-1.3.1.jar'
`/usr/local/konakart/webapps/konakart/WEB-INF/lib/validation-api-1.0.0.GA.jar' -> `/usr/local/konakart/webapps/konakartadmin/WEB-INF/lib/validation-api-1.0.0.GA.jar'
`/usr/local/konakart/webapps/konakart/WEB-INF/lib/jakarta-oro.jar' -> `/usr/local/konakart/webapps/konakartadmin/WEB-INF/lib/jakarta-oro.jar'
`/usr/local/konakart/webapps/konakart/WEB-INF/lib/jaxrpc.jar' -> `/usr/local/konakart/webapps/konakartadmin/WEB-INF/lib/jaxrpc.jar'
`/usr/local/konakart/webapps/konakart/WEB-INF/lib/jcs-1.3.jar' -> `/usr/local/konakart/webapps/konakartadmin/WEB-INF/lib/jcs-1.3.jar'
`/usr/local/konakart/webapps/konakart/WEB-INF/lib/jdbc-2.0.jar' -> `/usr/local/konakart/webapps/konakartadmin/WEB-INF/lib/jdbc-2.0.jar'
`/usr/local/konakart/webapps/konakart/WEB-INF/lib/jdom-1.0.jar' -> `/usr/local/konakart/webapps/konakartadmin/WEB-INF/lib/jdom-1.0.jar'
`/usr/local/konakart/webapps/konakart/WEB-INF/lib/jndi-1.2.1.jar' -> `/usr/local/konakart/webapps/konakartadmin/WEB-INF/lib/jndi-1.2.1.jar'
`/usr/local/konakart/webapps/konakart/WEB-INF/lib/konakart.jar' -> `/usr/local/konakart/webapps/konakartadmin/WEB-INF/lib/konakart.jar'
`/usr/local/konakart/webapps/konakart/WEB-INF/lib/konakart_custom_utils.jar' -> `/usr/local/konakart/webapps/konakartadmin/WEB-INF/lib/konakart_custom_utils.jar'
`/usr/local/konakart/webapps/konakart/WEB-INF/lib/konakart_fedex.jar' -> `/usr/local/konakart/webapps/konakartadmin/WEB-INF/lib/konakart_fedex.jar'
`/usr/local/konakart/webapps/konakart/WEB-INF/lib/konakart_ordertotal_buyxgetyfree.jar' -> `/usr/local/konakart/webapps/konakartadmin/WEB-INF/lib/konakart_ordertotal_buyxgetyfree.jar'
`/usr/local/konakart/webapps/konakart/WEB-INF/lib/konakart_ordertotal_freeproduct.jar' -> `/usr/local/konakart/webapps/konakartadmin/WEB-INF/lib/konakart_ordertotal_freeproduct.jar'
`/usr/local/konakart/webapps/konakart/WEB-INF/lib/konakart_ordertotal_giftcertificate.jar' -> `/usr/local/konakart/webapps/konakartadmin/WEB-INF/lib/konakart_ordertotal_giftcertificate.jar'
`/usr/local/konakart/webapps/konakart/WEB-INF/lib/konakart_ordertotal_productdiscount.jar' -> `/usr/local/konakart/webapps/konakartadmin/WEB-INF/lib/konakart_ordertotal_productdiscount.jar'
`/usr/local/konakart/webapps/konakart/WEB-INF/lib/konakart_ordertotal_redeempoints.jar' -> `/usr/local/konakart/webapps/konakartadmin/WEB-INF/lib/konakart_ordertotal_redeempoints.jar'
`/usr/local/konakart/webapps/konakart/WEB-INF/lib/konakart_ordertotal_rewardpoints.jar' -> `/usr/local/konakart/webapps/konakartadmin/WEB-INF/lib/konakart_ordertotal_rewardpoints.jar'
`/usr/local/konakart/webapps/konakart/WEB-INF/lib/konakart_ordertotal_shipping.jar' -> `/usr/local/konakart/webapps/konakartadmin/WEB-INF/lib/konakart_ordertotal_shipping.jar'
`/usr/local/konakart/webapps/konakart/WEB-INF/lib/konakart_ordertotal_shippingdiscount.jar' -> `/usr/local/konakart/webapps/konakartadmin/WEB-INF/lib/konakart_ordertotal_shippingdiscount.jar'
`/usr/local/konakart/webapps/konakart/WEB-INF/lib/konakart_ordertotal_subtotal.jar' -> `/usr/local/konakart/webapps/konakartadmin/WEB-INF/lib/konakart_ordertotal_subtotal.jar'
`/usr/local/konakart/webapps/konakart/WEB-INF/lib/konakart_ordertotal_tax.jar' -> `/usr/local/konakart/webapps/konakartadmin/WEB-INF/lib/konakart_ordertotal_tax.jar'
`/usr/local/konakart/webapps/konakart/WEB-INF/lib/konakart_ordertotal_taxcloud.jar' -> `/usr/local/konakart/webapps/konakartadmin/WEB-INF/lib/konakart_ordertotal_taxcloud.jar'
`/usr/local/konakart/webapps/konakart/WEB-INF/lib/konakart_ordertotal_total.jar' -> `/usr/local/konakart/webapps/konakartadmin/WEB-INF/lib/konakart_ordertotal_total.jar'
`/usr/local/konakart/webapps/konakart/WEB-INF/lib/konakart_ordertotal_totaldiscount.jar' -> `/usr/local/konakart/webapps/konakartadmin/WEB-INF/lib/konakart_ordertotal_totaldiscount.jar'
`/usr/local/konakart/webapps/konakart/WEB-INF/lib/konakart_payment_authorizenet.jar' -> `/usr/local/konakart/webapps/konakartadmin/WEB-INF/lib/konakart_payment_authorizenet.jar'
`/usr/local/konakart/webapps/konakart/WEB-INF/lib/konakart_payment_barclaycardsmartpayapi.jar' -> `/usr/local/konakart/webapps/konakartadmin/WEB-INF/lib/konakart_payment_barclaycardsmartpayapi.jar'
`/usr/local/konakart/webapps/konakart/WEB-INF/lib/konakart_payment_barclaycardsmartpayhosted.jar' -> `/usr/local/konakart/webapps/konakartadmin/WEB-INF/lib/konakart_payment_barclaycardsmartpayhosted.jar'
`/usr/local/konakart/webapps/konakart/WEB-INF/lib/konakart_payment_bluepay.jar' -> `/usr/local/konakart/webapps/konakartadmin/WEB-INF/lib/konakart_payment_bluepay.jar'
`/usr/local/konakart/webapps/konakart/WEB-INF/lib/konakart_payment_caledon.jar' -> `/usr/local/konakart/webapps/konakartadmin/WEB-INF/lib/konakart_payment_caledon.jar'
`/usr/local/konakart/webapps/konakart/WEB-INF/lib/konakart_payment_chronopay.jar' -> `/usr/local/konakart/webapps/konakartadmin/WEB-INF/lib/konakart_payment_chronopay.jar'
`/usr/local/konakart/webapps/konakart/WEB-INF/lib/konakart_payment_cod.jar' -> `/usr/local/konakart/webapps/konakartadmin/WEB-INF/lib/konakart_payment_cod.jar'
`/usr/local/konakart/webapps/konakart/WEB-INF/lib/konakart_payment_commideavanguard.jar' -> `/usr/local/konakart/webapps/konakartadmin/WEB-INF/lib/konakart_payment_commideavanguard.jar'
`/usr/local/konakart/webapps/konakart/WEB-INF/lib/konakart_payment_cyberpac.jar' -> `/usr/local/konakart/webapps/konakartadmin/WEB-INF/lib/konakart_payment_cyberpac.jar'
`/usr/local/konakart/webapps/konakart/WEB-INF/lib/konakart_payment_cybersource.jar' -> `/usr/local/konakart/webapps/konakartadmin/WEB-INF/lib/konakart_payment_cybersource.jar'
`/usr/local/konakart/webapps/konakart/WEB-INF/lib/konakart_payment_cybersourcehop.jar' -> `/usr/local/konakart/webapps/konakartadmin/WEB-INF/lib/konakart_payment_cybersourcehop.jar'
`/usr/local/konakart/webapps/konakart/WEB-INF/lib/konakart_payment_elink.jar' -> `/usr/local/konakart/webapps/konakartadmin/WEB-INF/lib/konakart_payment_elink.jar'
`/usr/local/konakart/webapps/konakart/WEB-INF/lib/konakart_payment_eway_au.jar' -> `/usr/local/konakart/webapps/konakartadmin/WEB-INF/lib/konakart_payment_eway_au.jar'
`/usr/local/konakart/webapps/konakart/WEB-INF/lib/konakart_payment_globalcollect.jar' -> `/usr/local/konakart/webapps/konakartadmin/WEB-INF/lib/konakart_payment_globalcollect.jar'
`/usr/local/konakart/webapps/konakart/WEB-INF/lib/konakart_payment_moneybookers.jar' -> `/usr/local/konakart/webapps/konakartadmin/WEB-INF/lib/konakart_payment_moneybookers.jar'
`/usr/local/konakart/webapps/konakart/WEB-INF/lib/konakart_payment_netpayintl.jar' -> `/usr/local/konakart/webapps/konakartadmin/WEB-INF/lib/konakart_payment_netpayintl.jar'
`/usr/local/konakart/webapps/konakart/WEB-INF/lib/konakart_payment_payflowpro.jar' -> `/usr/local/konakart/webapps/konakartadmin/WEB-INF/lib/konakart_payment_payflowpro.jar'
`/usr/local/konakart/webapps/konakart/WEB-INF/lib/konakart_payment_payjunction.jar' -> `/usr/local/konakart/webapps/konakartadmin/WEB-INF/lib/konakart_payment_payjunction.jar'
`/usr/local/konakart/webapps/konakart/WEB-INF/lib/konakart_payment_paypal.jar' -> `/usr/local/konakart/webapps/konakartadmin/WEB-INF/lib/konakart_payment_paypal.jar'
`/usr/local/konakart/webapps/konakart/WEB-INF/lib/konakart_payment_usaepay.jar' -> `/usr/local/konakart/webapps/konakartadmin/WEB-INF/lib/konakart_payment_usaepay.jar'
`/usr/local/konakart/webapps/konakart/WEB-INF/lib/konakart_payment_worldpay.jar' -> `/usr/local/konakart/webapps/konakartadmin/WEB-INF/lib/konakart_payment_worldpay.jar'
`/usr/local/konakart/webapps/konakart/WEB-INF/lib/konakart_payment_worldpayxmlredirect.jar' -> `/usr/local/konakart/webapps/konakartadmin/WEB-INF/lib/konakart_payment_worldpayxmlredirect.jar'
`/usr/local/konakart/webapps/konakart/WEB-INF/lib/konakart_payment_yourpay.jar' -> `/usr/local/konakart/webapps/konakartadmin/WEB-INF/lib/konakart_payment_yourpay.jar'
`/usr/local/konakart/webapps/konakart/WEB-INF/lib/konakart_shipping_digitaldownload.jar' -> `/usr/local/konakart/webapps/konakartadmin/WEB-INF/lib/konakart_shipping_digitaldownload.jar'
`/usr/local/konakart/webapps/konakart/WEB-INF/lib/konakart_shipping_fedex.jar' -> `/usr/local/konakart/webapps/konakartadmin/WEB-INF/lib/konakart_shipping_fedex.jar'
`/usr/local/konakart/webapps/konakart/WEB-INF/lib/konakart_shipping_flat.jar' -> `/usr/local/konakart/webapps/konakartadmin/WEB-INF/lib/konakart_shipping_flat.jar'
`/usr/local/konakart/webapps/konakart/WEB-INF/lib/konakart_shipping_free.jar' -> `/usr/local/konakart/webapps/konakartadmin/WEB-INF/lib/konakart_shipping_free.jar'
`/usr/local/konakart/webapps/konakart/WEB-INF/lib/konakart_shipping_freeproduct.jar' -> `/usr/local/konakart/webapps/konakartadmin/WEB-INF/lib/konakart_shipping_freeproduct.jar'
`/usr/local/konakart/webapps/konakart/WEB-INF/lib/konakart_shipping_item.jar' -> `/usr/local/konakart/webapps/konakartadmin/WEB-INF/lib/konakart_shipping_item.jar'
`/usr/local/konakart/webapps/konakart/WEB-INF/lib/konakart_shipping_pickupinstore.jar' -> `/usr/local/konakart/webapps/konakartadmin/WEB-INF/lib/konakart_shipping_pickupinstore.jar'
`/usr/local/konakart/webapps/konakart/WEB-INF/lib/konakart_shipping_table.jar' -> `/usr/local/konakart/webapps/konakartadmin/WEB-INF/lib/konakart_shipping_table.jar'
`/usr/local/konakart/webapps/konakart/WEB-INF/lib/konakart_shipping_ups.jar' -> `/usr/local/konakart/webapps/konakartadmin/WEB-INF/lib/konakart_shipping_ups.jar'
`/usr/local/konakart/webapps/konakart/WEB-INF/lib/konakart_shipping_usps.jar' -> `/usr/local/konakart/webapps/konakartadmin/WEB-INF/lib/konakart_shipping_usps.jar'
`/usr/local/konakart/webapps/konakart/WEB-INF/lib/konakart_shipping_uspsint.jar' -> `/usr/local/konakart/webapps/konakartadmin/WEB-INF/lib/konakart_shipping_uspsint.jar'
`/usr/local/konakart/webapps/konakart/WEB-INF/lib/konakart_shipping_zones.jar' -> `/usr/local/konakart/webapps/konakartadmin/WEB-INF/lib/konakart_shipping_zones.jar'
`/usr/local/konakart/webapps/konakart/WEB-INF/lib/konakart_torque-3.3.jar' -> `/usr/local/konakart/webapps/konakartadmin/WEB-INF/lib/konakart_torque-3.3.jar'
`/usr/local/konakart/webapps/konakart/WEB-INF/lib/konakart_utils.jar' -> `/usr/local/konakart/webapps/konakartadmin/WEB-INF/lib/konakart_utils.jar'
`/usr/local/konakart/webapps/konakart/WEB-INF/lib/konakart_village-3.3.jar' -> `/usr/local/konakart/webapps/konakartadmin/WEB-INF/lib/konakart_village-3.3.jar'
`/usr/local/konakart/webapps/konakart/WEB-INF/lib/konakart_authorizenet.jar' -> `/usr/local/konakart/webapps/konakartadmin/WEB-INF/lib/konakart_authorizenet.jar'
`/usr/local/konakart/webapps/konakart/WEB-INF/lib/log4j-1.2.12.jar' -> `/usr/local/konakart/webapps/konakartadmin/WEB-INF/lib/log4j-1.2.12.jar'
`/usr/local/konakart/webapps/konakart/WEB-INF/lib/logkit-1.0.1.jar' -> `/usr/local/konakart/webapps/konakartadmin/WEB-INF/lib/logkit-1.0.1.jar'
`/usr/local/konakart/webapps/konakart/WEB-INF/lib/mail.jar' -> `/usr/local/konakart/webapps/konakartadmin/WEB-INF/lib/mail.jar'
`/usr/local/konakart/webapps/konakart/WEB-INF/lib/oro-2.0.8.jar' -> `/usr/local/konakart/webapps/konakartadmin/WEB-INF/lib/oro-2.0.8.jar'
`/usr/local/konakart/webapps/konakart/WEB-INF/lib/saaj.jar' -> `/usr/local/konakart/webapps/konakartadmin/WEB-INF/lib/saaj.jar'
`/usr/local/konakart/webapps/konakart/WEB-INF/lib/stratum-1.0-b3.jar' -> `/usr/local/konakart/webapps/konakartadmin/WEB-INF/lib/stratum-1.0-b3.jar'
`/usr/local/konakart/webapps/konakart/WEB-INF/lib/velocity-1.6.2.jar' -> `/usr/local/konakart/webapps/konakartadmin/WEB-INF/lib/velocity-1.6.2.jar'
`/usr/local/konakart/webapps/konakart/WEB-INF/lib/velocity-tools-generic-1.3.jar' -> `/usr/local/konakart/webapps/konakartadmin/WEB-INF/lib/velocity-tools-generic-1.3.jar'
`/usr/local/konakart/webapps/konakart/WEB-INF/lib/werken-xpath-0.9.4.jar' -> `/usr/local/konakart/webapps/konakartadmin/WEB-INF/lib/werken-xpath-0.9.4.jar'
`/usr/local/konakart/webapps/konakart/WEB-INF/lib/wsdl4j-1.5.1.jar' -> `/usr/local/konakart/webapps/konakartadmin/WEB-INF/lib/wsdl4j-1.5.1.jar'
`/usr/local/konakart/webapps/konakart/WEB-INF/lib/xercesImpl-2.9.1.jar' -> `/usr/local/konakart/webapps/konakartadmin/WEB-INF/lib/xercesImpl-2.9.1.jar'
`/usr/local/konakart/webapps/konakart/WEB-INF/lib/xml-apis-2.0.2.jar' -> `/usr/local/konakart/webapps/konakartadmin/WEB-INF/lib/xml-apis-2.0.2.jar'
`/usr/local/konakart/webapps/konakart/WEB-INF/lib/mysql-connector-java-5.1.23-bin.jar' -> `/usr/local/konakart/webapps/birtviewer/WEB-INF/lib/mysql-connector-java-5.1.23-bin.jar'
`/usr/local/konakart/webapps/konakart/WEB-INF/lib/postgresql-9.1-901.jdbc4.jar' -> `/usr/local/konakart/webapps/birtviewer/WEB-INF/lib/postgresql-9.1-901.jdbc4.jar'
`/usr/local/konakart/webapps/konakart/WEB-INF/lib/ojdbc14.jar' -> `/usr/local/konakart/webapps/birtviewer/WEB-INF/lib/ojdbc14.jar'
`/usr/local/konakart/webapps/konakart/WEB-INF/lib/db2jcc.jar' -> `/usr/local/konakart/webapps/birtviewer/WEB-INF/lib/db2jcc.jar'
`/usr/local/konakart/webapps/konakart/WEB-INF/lib/db2jcc_license_cu.jar' -> `/usr/local/konakart/webapps/birtviewer/WEB-INF/lib/db2jcc_license_cu.jar'
`/usr/local/konakart/webapps/konakart/WEB-INF/lib/jtds-1.2.5.jar' -> `/usr/local/konakart/webapps/birtviewer/WEB-INF/lib/jtds-1.2.5.jar'
`/usr/local/konakart/webapps/konakart/WEB-INF/lib/activation.jar' -> `/usr/local/konakart/webapps/birtviewer/WEB-INF/lib/activation.jar'
`/usr/local/konakart/webapps/konakart/WEB-INF/lib/axis.jar' -> `/usr/local/konakart/webapps/birtviewer/WEB-INF/lib/axis.jar'
`/usr/local/konakart/webapps/konakart/WEB-INF/lib/commons-collections-3.2.jar' -> `/usr/local/konakart/webapps/birtviewer/WEB-INF/lib/commons-collections-3.2.jar'
`/usr/local/konakart/webapps/konakart/WEB-INF/lib/commons-configuration-1.7.jar' -> `/usr/local/konakart/webapps/birtviewer/WEB-INF/lib/commons-configuration-1.7.jar'
`/usr/local/konakart/webapps/konakart/WEB-INF/lib/commons-discovery-0.2.jar' -> `/usr/local/konakart/webapps/birtviewer/WEB-INF/lib/commons-discovery-0.2.jar'
`/usr/local/konakart/webapps/konakart/WEB-INF/lib/commons-lang3-3.1.jar' -> `/usr/local/konakart/webapps/birtviewer/WEB-INF/lib/commons-lang3-3.1.jar'
`/usr/local/konakart/webapps/konakart/WEB-INF/lib/commons-logging-1.1.1.jar' -> `/usr/local/konakart/webapps/birtviewer/WEB-INF/lib/commons-logging-1.1.1.jar'
`/usr/local/konakart/webapps/konakart/WEB-INF/lib/jaxrpc.jar' -> `/usr/local/konakart/webapps/birtviewer/WEB-INF/lib/jaxrpc.jar'
`/usr/local/konakart/webapps/konakart/WEB-INF/lib/log4j-1.2.12.jar' -> `/usr/local/konakart/webapps/birtviewer/WEB-INF/lib/log4j-1.2.12.jar'
`/usr/local/konakart/webapps/konakart/WEB-INF/lib/mail.jar' -> `/usr/local/konakart/webapps/birtviewer/WEB-INF/lib/mail.jar'
`/usr/local/konakart/webapps/konakart/WEB-INF/lib/saaj.jar' -> `/usr/local/konakart/webapps/birtviewer/WEB-INF/lib/saaj.jar'
`/usr/local/konakart/webapps/konakart/WEB-INF/lib/wsdl4j-1.5.1.jar' -> `/usr/local/konakart/webapps/birtviewer/WEB-INF/lib/wsdl4j-1.5.1.jar'
`/usr/local/konakart/webapps/konakartadmin/WEB-INF/classes/AdminMessages.properties' -> `/usr/local/konakart/webapps/konakart/WEB-INF/classes/AdminMessages.properties'
`/usr/local/konakart/webapps/konakartadmin/WEB-INF/classes/AdminMessages_de.properties' -> `/usr/local/konakart/webapps/konakart/WEB-INF/classes/AdminMessages_de.properties'
`/usr/local/konakart/webapps/konakartadmin/WEB-INF/classes/AdminMessages_es.properties' -> `/usr/local/konakart/webapps/konakart/WEB-INF/classes/AdminMessages_es.properties'
`/usr/local/konakart/webapps/konakartadmin/WEB-INF/classes/AdminMessages_fr.properties' -> `/usr/local/konakart/webapps/konakart/WEB-INF/classes/AdminMessages_fr.properties'
`/usr/local/konakart/webapps/konakartadmin/WEB-INF/classes/AdminMessages_pt.properties' -> `/usr/local/konakart/webapps/konakart/WEB-INF/classes/AdminMessages_pt.properties'
