Dec 03, 2013 6:51:18 PM org.apache.solr.core.SolrCore getNewIndexDir
WARNING: New index directory detected: old=null new=/usr/local/konakart/bin/../solr/collection1/data/index/
Dec 03, 2013 6:51:18 PM org.apache.solr.core.SolrCore initIndex
WARNING: [collection1] Solr index directory '/usr/local/konakart/bin/../solr/collection1/data/index' doesn't exist. Creating new index...
Dec 03, 2013 6:56:08 PM org.apache.solr.core.CoreContainer create
SEVERE: Unable to create core: collection1
java.io.IOException: Can't find resource 'solrconfig.xml' in classpath or 'solr/collection1/conf/', cwd=/home/dave
	at org.apache.solr.core.SolrResourceLoader.openResource(SolrResourceLoader.java:314)
	at org.apache.solr.core.SolrResourceLoader.openConfig(SolrResourceLoader.java:280)
	at org.apache.solr.core.Config.<init>(Config.java:103)
	at org.apache.solr.core.Config.<init>(Config.java:73)
	at org.apache.solr.core.SolrConfig.<init>(SolrConfig.java:117)
	at org.apache.solr.core.CoreContainer.create(CoreContainer.java:776)
	at org.apache.solr.core.CoreContainer.load(CoreContainer.java:534)
	at org.apache.solr.core.CoreContainer$Initializer.initialize(CoreContainer.java:311)
	at org.apache.solr.servlet.SolrDispatchFilter.init(SolrDispatchFilter.java:107)
	at org.apache.catalina.core.ApplicationFilterConfig.initFilter(ApplicationFilterConfig.java:273)
	at org.apache.catalina.core.ApplicationFilterConfig.getFilter(ApplicationFilterConfig.java:254)
	at org.apache.catalina.core.ApplicationFilterConfig.setFilterDef(ApplicationFilterConfig.java:372)
	at org.apache.catalina.core.ApplicationFilterConfig.<init>(ApplicationFilterConfig.java:98)
	at org.apache.catalina.core.StandardContext.filterStart(StandardContext.java:4584)
	at org.apache.catalina.core.StandardContext$2.call(StandardContext.java:5262)
	at org.apache.catalina.core.StandardContext$2.call(StandardContext.java:5257)
	at java.util.concurrent.FutureTask.run(FutureTask.java:262)
	at java.util.concurrent.ThreadPoolExecutor.runWorker(ThreadPoolExecutor.java:1145)
	at java.util.concurrent.ThreadPoolExecutor$Worker.run(ThreadPoolExecutor.java:615)
	at java.lang.Thread.run(Thread.java:744)

Dec 03, 2013 6:56:08 PM org.apache.solr.common.SolrException log
SEVERE: null:java.io.IOException: Can't find resource 'solrconfig.xml' in classpath or 'solr/collection1/conf/', cwd=/home/dave
	at org.apache.solr.core.SolrResourceLoader.openResource(SolrResourceLoader.java:314)
	at org.apache.solr.core.SolrResourceLoader.openConfig(SolrResourceLoader.java:280)
	at org.apache.solr.core.Config.<init>(Config.java:103)
	at org.apache.solr.core.Config.<init>(Config.java:73)
	at org.apache.solr.core.SolrConfig.<init>(SolrConfig.java:117)
	at org.apache.solr.core.CoreContainer.create(CoreContainer.java:776)
	at org.apache.solr.core.CoreContainer.load(CoreContainer.java:534)
	at org.apache.solr.core.CoreContainer$Initializer.initialize(CoreContainer.java:311)
	at org.apache.solr.servlet.SolrDispatchFilter.init(SolrDispatchFilter.java:107)
	at org.apache.catalina.core.ApplicationFilterConfig.initFilter(ApplicationFilterConfig.java:273)
	at org.apache.catalina.core.ApplicationFilterConfig.getFilter(ApplicationFilterConfig.java:254)
	at org.apache.catalina.core.ApplicationFilterConfig.setFilterDef(ApplicationFilterConfig.java:372)
	at org.apache.catalina.core.ApplicationFilterConfig.<init>(ApplicationFilterConfig.java:98)
	at org.apache.catalina.core.StandardContext.filterStart(StandardContext.java:4584)
	at org.apache.catalina.core.StandardContext$2.call(StandardContext.java:5262)
	at org.apache.catalina.core.StandardContext$2.call(StandardContext.java:5257)
	at java.util.concurrent.FutureTask.run(FutureTask.java:262)
	at java.util.concurrent.ThreadPoolExecutor.runWorker(ThreadPoolExecutor.java:1145)
	at java.util.concurrent.ThreadPoolExecutor$Worker.run(ThreadPoolExecutor.java:615)
	at java.lang.Thread.run(Thread.java:744)

Dec 3, 2013 7:13:13 PM org.apache.solr.core.CoreContainer create
SEVERE: Unable to create core: collection1
java.io.IOException: Can't find resource 'solrconfig.xml' in classpath or 'solr/collection1/conf/', cwd=/home/dave
	at org.apache.solr.core.SolrResourceLoader.openResource(SolrResourceLoader.java:314)
	at org.apache.solr.core.SolrResourceLoader.openConfig(SolrResourceLoader.java:280)
	at org.apache.solr.core.Config.<init>(Config.java:103)
	at org.apache.solr.core.Config.<init>(Config.java:73)
	at org.apache.solr.core.SolrConfig.<init>(SolrConfig.java:117)
	at org.apache.solr.core.CoreContainer.create(CoreContainer.java:776)
	at org.apache.solr.core.CoreContainer.load(CoreContainer.java:534)
	at org.apache.solr.core.CoreContainer$Initializer.initialize(CoreContainer.java:311)
	at org.apache.solr.servlet.SolrDispatchFilter.init(SolrDispatchFilter.java:107)
	at org.apache.catalina.core.ApplicationFilterConfig.initFilter(ApplicationFilterConfig.java:273)
	at org.apache.catalina.core.ApplicationFilterConfig.getFilter(ApplicationFilterConfig.java:254)
	at org.apache.catalina.core.ApplicationFilterConfig.setFilterDef(ApplicationFilterConfig.java:372)
	at org.apache.catalina.core.ApplicationFilterConfig.<init>(ApplicationFilterConfig.java:98)
	at org.apache.catalina.core.StandardContext.filterStart(StandardContext.java:4584)
	at org.apache.catalina.core.StandardContext$2.call(StandardContext.java:5262)
	at org.apache.catalina.core.StandardContext$2.call(StandardContext.java:5257)
	at java.util.concurrent.FutureTask$Sync.innerRun(FutureTask.java:334)
	at java.util.concurrent.FutureTask.run(FutureTask.java:166)
	at java.util.concurrent.ThreadPoolExecutor.runWorker(ThreadPoolExecutor.java:1146)
	at java.util.concurrent.ThreadPoolExecutor$Worker.run(ThreadPoolExecutor.java:615)
	at java.lang.Thread.run(Thread.java:701)
Dec 3, 2013 7:13:13 PM org.apache.solr.common.SolrException log
SEVERE: null:java.io.IOException: Can't find resource 'solrconfig.xml' in classpath or 'solr/collection1/conf/', cwd=/home/dave
	at org.apache.solr.core.SolrResourceLoader.openResource(SolrResourceLoader.java:314)
	at org.apache.solr.core.SolrResourceLoader.openConfig(SolrResourceLoader.java:280)
	at org.apache.solr.core.Config.<init>(Config.java:103)
	at org.apache.solr.core.Config.<init>(Config.java:73)
	at org.apache.solr.core.SolrConfig.<init>(SolrConfig.java:117)
	at org.apache.solr.core.CoreContainer.create(CoreContainer.java:776)
	at org.apache.solr.core.CoreContainer.load(CoreContainer.java:534)
	at org.apache.solr.core.CoreContainer$Initializer.initialize(CoreContainer.java:311)
	at org.apache.solr.servlet.SolrDispatchFilter.init(SolrDispatchFilter.java:107)
	at org.apache.catalina.core.ApplicationFilterConfig.initFilter(ApplicationFilterConfig.java:273)
	at org.apache.catalina.core.ApplicationFilterConfig.getFilter(ApplicationFilterConfig.java:254)
	at org.apache.catalina.core.ApplicationFilterConfig.setFilterDef(ApplicationFilterConfig.java:372)
	at org.apache.catalina.core.ApplicationFilterConfig.<init>(ApplicationFilterConfig.java:98)
	at org.apache.catalina.core.StandardContext.filterStart(StandardContext.java:4584)
	at org.apache.catalina.core.StandardContext$2.call(StandardContext.java:5262)
	at org.apache.catalina.core.StandardContext$2.call(StandardContext.java:5257)
	at java.util.concurrent.FutureTask$Sync.innerRun(FutureTask.java:334)
	at java.util.concurrent.FutureTask.run(FutureTask.java:166)
	at java.util.concurrent.ThreadPoolExecutor.runWorker(ThreadPoolExecutor.java:1146)
	at java.util.concurrent.ThreadPoolExecutor$Worker.run(ThreadPoolExecutor.java:615)
	at java.lang.Thread.run(Thread.java:701)

Dec 3, 2013 7:14:05 PM org.apache.solr.core.CoreContainer create
SEVERE: Unable to create core: collection1
java.io.IOException: Can't find resource 'solrconfig.xml' in classpath or 'solr/collection1/conf/', cwd=/home/dave
	at org.apache.solr.core.SolrResourceLoader.openResource(SolrResourceLoader.java:314)
	at org.apache.solr.core.SolrResourceLoader.openConfig(SolrResourceLoader.java:280)
	at org.apache.solr.core.Config.<init>(Config.java:103)
	at org.apache.solr.core.Config.<init>(Config.java:73)
	at org.apache.solr.core.SolrConfig.<init>(SolrConfig.java:117)
	at org.apache.solr.core.CoreContainer.create(CoreContainer.java:776)
	at org.apache.solr.core.CoreContainer.load(CoreContainer.java:534)
	at org.apache.solr.core.CoreContainer$Initializer.initialize(CoreContainer.java:311)
	at org.apache.solr.servlet.SolrDispatchFilter.init(SolrDispatchFilter.java:107)
	at org.apache.catalina.core.ApplicationFilterConfig.initFilter(ApplicationFilterConfig.java:273)
	at org.apache.catalina.core.ApplicationFilterConfig.getFilter(ApplicationFilterConfig.java:254)
	at org.apache.catalina.core.ApplicationFilterConfig.setFilterDef(ApplicationFilterConfig.java:372)
	at org.apache.catalina.core.ApplicationFilterConfig.<init>(ApplicationFilterConfig.java:98)
	at org.apache.catalina.core.StandardContext.filterStart(StandardContext.java:4584)
	at org.apache.catalina.core.StandardContext$2.call(StandardContext.java:5262)
	at org.apache.catalina.core.StandardContext$2.call(StandardContext.java:5257)
	at java.util.concurrent.FutureTask$Sync.innerRun(FutureTask.java:334)
	at java.util.concurrent.FutureTask.run(FutureTask.java:166)
	at java.util.concurrent.ThreadPoolExecutor.runWorker(ThreadPoolExecutor.java:1146)
	at java.util.concurrent.ThreadPoolExecutor$Worker.run(ThreadPoolExecutor.java:615)
	at java.lang.Thread.run(Thread.java:701)
Dec 3, 2013 7:14:05 PM org.apache.solr.common.SolrException log
SEVERE: null:java.io.IOException: Can't find resource 'solrconfig.xml' in classpath or 'solr/collection1/conf/', cwd=/home/dave
	at org.apache.solr.core.SolrResourceLoader.openResource(SolrResourceLoader.java:314)
	at org.apache.solr.core.SolrResourceLoader.openConfig(SolrResourceLoader.java:280)
	at org.apache.solr.core.Config.<init>(Config.java:103)
	at org.apache.solr.core.Config.<init>(Config.java:73)
	at org.apache.solr.core.SolrConfig.<init>(SolrConfig.java:117)
	at org.apache.solr.core.CoreContainer.create(CoreContainer.java:776)
	at org.apache.solr.core.CoreContainer.load(CoreContainer.java:534)
	at org.apache.solr.core.CoreContainer$Initializer.initialize(CoreContainer.java:311)
	at org.apache.solr.servlet.SolrDispatchFilter.init(SolrDispatchFilter.java:107)
	at org.apache.catalina.core.ApplicationFilterConfig.initFilter(ApplicationFilterConfig.java:273)
	at org.apache.catalina.core.ApplicationFilterConfig.getFilter(ApplicationFilterConfig.java:254)
	at org.apache.catalina.core.ApplicationFilterConfig.setFilterDef(ApplicationFilterConfig.java:372)
	at org.apache.catalina.core.ApplicationFilterConfig.<init>(ApplicationFilterConfig.java:98)
	at org.apache.catalina.core.StandardContext.filterStart(StandardContext.java:4584)
	at org.apache.catalina.core.StandardContext$2.call(StandardContext.java:5262)
	at org.apache.catalina.core.StandardContext$2.call(StandardContext.java:5257)
	at java.util.concurrent.FutureTask$Sync.innerRun(FutureTask.java:334)
	at java.util.concurrent.FutureTask.run(FutureTask.java:166)
	at java.util.concurrent.ThreadPoolExecutor.runWorker(ThreadPoolExecutor.java:1146)
	at java.util.concurrent.ThreadPoolExecutor$Worker.run(ThreadPoolExecutor.java:615)
	at java.lang.Thread.run(Thread.java:701)

Dec 3, 2013 7:22:13 PM org.apache.solr.core.SolrCore getNewIndexDir
WARNING: New index directory detected: old=null new=/usr/local/konakart/bin/../solr/collection1/data/index/
Dec 3, 2013 7:26:35 PM org.apache.solr.core.SolrCore getNewIndexDir
WARNING: New index directory detected: old=null new=/usr/local/konakart/bin/../solr/collection1/data/index/
Dec 3, 2013 7:28:00 PM org.apache.solr.common.SolrException log
SEVERE: java.lang.NumberFormatException: For input string: "solrpingquery"
	at java.lang.NumberFormatException.forInputString(NumberFormatException.java:65)
	at java.lang.Integer.parseInt(Integer.java:481)
	at java.lang.Integer.parseInt(Integer.java:514)
	at org.apache.solr.util.NumberUtils.int2sortableStr(NumberUtils.java:51)
	at org.apache.solr.schema.SortableIntField.toInternal(SortableIntField.java:73)
	at org.apache.solr.schema.FieldType.readableToIndexed(FieldType.java:371)
	at org.apache.solr.schema.FieldType.readableToIndexed(FieldType.java:376)
	at org.apache.solr.schema.FieldType.getFieldQuery(FieldType.java:596)
	at org.apache.solr.search.SolrQueryParser.getFieldQuery(SolrQueryParser.java:171)
	at org.apache.lucene.queryparser.classic.QueryParserBase.handleBareTokenQuery(QueryParserBase.java:1068)
	at org.apache.lucene.queryparser.classic.QueryParser.Term(QueryParser.java:358)
	at org.apache.lucene.queryparser.classic.QueryParser.Clause(QueryParser.java:257)
	at org.apache.lucene.queryparser.classic.QueryParser.Query(QueryParser.java:181)
	at org.apache.lucene.queryparser.classic.QueryParser.TopLevelQuery(QueryParser.java:170)
	at org.apache.lucene.queryparser.classic.QueryParserBase.parse(QueryParserBase.java:120)
	at org.apache.solr.search.LuceneQParser.parse(LuceneQParserPlugin.java:72)
	at org.apache.solr.search.QParser.getQuery(QParser.java:143)
	at org.apache.solr.handler.component.QueryComponent.prepare(QueryComponent.java:118)
	at org.apache.solr.handler.component.SearchHandler.handleRequestBody(SearchHandler.java:185)
	at org.apache.solr.handler.RequestHandlerBase.handleRequest(RequestHandlerBase.java:129)
	at org.apache.solr.core.SolrCore.execute(SolrCore.java:1699)
	at org.apache.solr.handler.PingRequestHandler.handlePing(PingRequestHandler.java:250)
	at org.apache.solr.handler.PingRequestHandler.handleRequestBody(PingRequestHandler.java:207)
	at org.apache.solr.handler.RequestHandlerBase.handleRequest(RequestHandlerBase.java:129)
	at org.apache.solr.core.SolrCore.execute(SolrCore.java:1699)
	at org.apache.solr.servlet.SolrDispatchFilter.execute(SolrDispatchFilter.java:455)
	at org.apache.solr.servlet.SolrDispatchFilter.doFilter(SolrDispatchFilter.java:276)
	at org.apache.catalina.core.ApplicationFilterChain.internalDoFilter(ApplicationFilterChain.java:243)
	at org.apache.catalina.core.ApplicationFilterChain.doFilter(ApplicationFilterChain.java:210)
	at org.apache.catalina.core.StandardWrapperValve.invoke(StandardWrapperValve.java:224)
	at org.apache.catalina.core.StandardContextValve.invoke(StandardContextValve.java:169)
	at org.apache.catalina.core.StandardHostValve.invoke(StandardHostValve.java:168)
	at org.apache.catalina.valves.ErrorReportValve.invoke(ErrorReportValve.java:100)
	at org.apache.catalina.core.StandardEngineValve.invoke(StandardEngineValve.java:118)
	at org.apache.catalina.connector.CoyoteAdapter.service(CoyoteAdapter.java:405)
	at org.apache.coyote.http11.AbstractHttp11Processor.process(AbstractHttp11Processor.java:964)
	at org.apache.coyote.AbstractProtocol$AbstractConnectionHandler.process(AbstractProtocol.java:515)
	at org.apache.tomcat.util.net.JIoEndpoint$SocketProcessor.run(JIoEndpoint.java:304)
	at java.util.concurrent.ThreadPoolExecutor.runWorker(ThreadPoolExecutor.java:1146)
	at java.util.concurrent.ThreadPoolExecutor$Worker.run(ThreadPoolExecutor.java:615)
	at java.lang.Thread.run(Thread.java:701)

Dec 3, 2013 7:28:00 PM org.apache.solr.common.SolrException log
SEVERE: org.apache.solr.common.SolrException: Ping query caused exception: For input string: "solrpingquery"
	at org.apache.solr.handler.PingRequestHandler.handlePing(PingRequestHandler.java:259)
	at org.apache.solr.handler.PingRequestHandler.handleRequestBody(PingRequestHandler.java:207)
	at org.apache.solr.handler.RequestHandlerBase.handleRequest(RequestHandlerBase.java:129)
	at org.apache.solr.core.SolrCore.execute(SolrCore.java:1699)
	at org.apache.solr.servlet.SolrDispatchFilter.execute(SolrDispatchFilter.java:455)
	at org.apache.solr.servlet.SolrDispatchFilter.doFilter(SolrDispatchFilter.java:276)
	at org.apache.catalina.core.ApplicationFilterChain.internalDoFilter(ApplicationFilterChain.java:243)
	at org.apache.catalina.core.ApplicationFilterChain.doFilter(ApplicationFilterChain.java:210)
	at org.apache.catalina.core.StandardWrapperValve.invoke(StandardWrapperValve.java:224)
	at org.apache.catalina.core.StandardContextValve.invoke(StandardContextValve.java:169)
	at org.apache.catalina.core.StandardHostValve.invoke(StandardHostValve.java:168)
	at org.apache.catalina.valves.ErrorReportValve.invoke(ErrorReportValve.java:100)
	at org.apache.catalina.core.StandardEngineValve.invoke(StandardEngineValve.java:118)
	at org.apache.catalina.connector.CoyoteAdapter.service(CoyoteAdapter.java:405)
	at org.apache.coyote.http11.AbstractHttp11Processor.process(AbstractHttp11Processor.java:964)
	at org.apache.coyote.AbstractProtocol$AbstractConnectionHandler.process(AbstractProtocol.java:515)
	at org.apache.tomcat.util.net.JIoEndpoint$SocketProcessor.run(JIoEndpoint.java:304)
	at java.util.concurrent.ThreadPoolExecutor.runWorker(ThreadPoolExecutor.java:1146)
	at java.util.concurrent.ThreadPoolExecutor$Worker.run(ThreadPoolExecutor.java:615)
	at java.lang.Thread.run(Thread.java:701)
Caused by: java.lang.NumberFormatException: For input string: "solrpingquery"
	at java.lang.NumberFormatException.forInputString(NumberFormatException.java:65)
	at java.lang.Integer.parseInt(Integer.java:481)
	at java.lang.Integer.parseInt(Integer.java:514)
	at org.apache.solr.util.NumberUtils.int2sortableStr(NumberUtils.java:51)
	at org.apache.solr.schema.SortableIntField.toInternal(SortableIntField.java:73)
	at org.apache.solr.schema.FieldType.readableToIndexed(FieldType.java:371)
	at org.apache.solr.schema.FieldType.readableToIndexed(FieldType.java:376)
	at org.apache.solr.schema.FieldType.getFieldQuery(FieldType.java:596)
	at org.apache.solr.search.SolrQueryParser.getFieldQuery(SolrQueryParser.java:171)
	at org.apache.lucene.queryparser.classic.QueryParserBase.handleBareTokenQuery(QueryParserBase.java:1068)
	at org.apache.lucene.queryparser.classic.QueryParser.Term(QueryParser.java:358)
	at org.apache.lucene.queryparser.classic.QueryParser.Clause(QueryParser.java:257)
	at org.apache.lucene.queryparser.classic.QueryParser.Query(QueryParser.java:181)
	at org.apache.lucene.queryparser.classic.QueryParser.TopLevelQuery(QueryParser.java:170)
	at org.apache.lucene.queryparser.classic.QueryParserBase.parse(QueryParserBase.java:120)
	at org.apache.solr.search.LuceneQParser.parse(LuceneQParserPlugin.java:72)
	at org.apache.solr.search.QParser.getQuery(QParser.java:143)
	at org.apache.solr.handler.component.QueryComponent.prepare(QueryComponent.java:118)
	at org.apache.solr.handler.component.SearchHandler.handleRequestBody(SearchHandler.java:185)
	at org.apache.solr.handler.RequestHandlerBase.handleRequest(RequestHandlerBase.java:129)
	at org.apache.solr.core.SolrCore.execute(SolrCore.java:1699)
	at org.apache.solr.handler.PingRequestHandler.handlePing(PingRequestHandler.java:250)
	... 19 more

Dec 3, 2013 7:28:00 PM org.apache.solr.common.SolrException log
SEVERE: null:org.apache.solr.common.SolrException: Ping query caused exception: For input string: "solrpingquery"
	at org.apache.solr.handler.PingRequestHandler.handlePing(PingRequestHandler.java:259)
	at org.apache.solr.handler.PingRequestHandler.handleRequestBody(PingRequestHandler.java:207)
	at org.apache.solr.handler.RequestHandlerBase.handleRequest(RequestHandlerBase.java:129)
	at org.apache.solr.core.SolrCore.execute(SolrCore.java:1699)
	at org.apache.solr.servlet.SolrDispatchFilter.execute(SolrDispatchFilter.java:455)
	at org.apache.solr.servlet.SolrDispatchFilter.doFilter(SolrDispatchFilter.java:276)
	at org.apache.catalina.core.ApplicationFilterChain.internalDoFilter(ApplicationFilterChain.java:243)
	at org.apache.catalina.core.ApplicationFilterChain.doFilter(ApplicationFilterChain.java:210)
	at org.apache.catalina.core.StandardWrapperValve.invoke(StandardWrapperValve.java:224)
	at org.apache.catalina.core.StandardContextValve.invoke(StandardContextValve.java:169)
	at org.apache.catalina.core.StandardHostValve.invoke(StandardHostValve.java:168)
	at org.apache.catalina.valves.ErrorReportValve.invoke(ErrorReportValve.java:100)
	at org.apache.catalina.core.StandardEngineValve.invoke(StandardEngineValve.java:118)
	at org.apache.catalina.connector.CoyoteAdapter.service(CoyoteAdapter.java:405)
	at org.apache.coyote.http11.AbstractHttp11Processor.process(AbstractHttp11Processor.java:964)
	at org.apache.coyote.AbstractProtocol$AbstractConnectionHandler.process(AbstractProtocol.java:515)
	at org.apache.tomcat.util.net.JIoEndpoint$SocketProcessor.run(JIoEndpoint.java:304)
	at java.util.concurrent.ThreadPoolExecutor.runWorker(ThreadPoolExecutor.java:1146)
	at java.util.concurrent.ThreadPoolExecutor$Worker.run(ThreadPoolExecutor.java:615)
	at java.lang.Thread.run(Thread.java:701)
Caused by: java.lang.NumberFormatException: For input string: "solrpingquery"
	at java.lang.NumberFormatException.forInputString(NumberFormatException.java:65)
	at java.lang.Integer.parseInt(Integer.java:481)
	at java.lang.Integer.parseInt(Integer.java:514)
	at org.apache.solr.util.NumberUtils.int2sortableStr(NumberUtils.java:51)
	at org.apache.solr.schema.SortableIntField.toInternal(SortableIntField.java:73)
	at org.apache.solr.schema.FieldType.readableToIndexed(FieldType.java:371)
	at org.apache.solr.schema.FieldType.readableToIndexed(FieldType.java:376)
	at org.apache.solr.schema.FieldType.getFieldQuery(FieldType.java:596)
	at org.apache.solr.search.SolrQueryParser.getFieldQuery(SolrQueryParser.java:171)
	at org.apache.lucene.queryparser.classic.QueryParserBase.handleBareTokenQuery(QueryParserBase.java:1068)
	at org.apache.lucene.queryparser.classic.QueryParser.Term(QueryParser.java:358)
	at org.apache.lucene.queryparser.classic.QueryParser.Clause(QueryParser.java:257)
	at org.apache.lucene.queryparser.classic.QueryParser.Query(QueryParser.java:181)
	at org.apache.lucene.queryparser.classic.QueryParser.TopLevelQuery(QueryParser.java:170)
	at org.apache.lucene.queryparser.classic.QueryParserBase.parse(QueryParserBase.java:120)
	at org.apache.solr.search.LuceneQParser.parse(LuceneQParserPlugin.java:72)
	at org.apache.solr.search.QParser.getQuery(QParser.java:143)
	at org.apache.solr.handler.component.QueryComponent.prepare(QueryComponent.java:118)
	at org.apache.solr.handler.component.SearchHandler.handleRequestBody(SearchHandler.java:185)
	at org.apache.solr.handler.RequestHandlerBase.handleRequest(RequestHandlerBase.java:129)
	at org.apache.solr.core.SolrCore.execute(SolrCore.java:1699)
	at org.apache.solr.handler.PingRequestHandler.handlePing(PingRequestHandler.java:250)
	... 19 more

